#
# There is insufficient memory for the Java Runtime Environment to continue.
# Native memory allocation (malloc) failed to allocate 2275056 bytes for Chunk::new
# Possible reasons:
#   The system is out of physical RAM or swap space
#   The process is running with CompressedOops enabled, and the Java Heap may be blocking the growth of the native heap
# Possible solutions:
#   Reduce memory load on the system
#   Increase physical memory or swap space
#   Check if swap backing store is full
#   Decrease Java heap size (-Xmx/-Xms)
#   Decrease number of Java threads
#   Decrease Java thread stack sizes (-Xss)
#   Set larger code cache with -XX:ReservedCodeCacheSize=
#   JVM is running with Unscaled Compressed Oops mode in which the Java heap is
#     placed in the first 4GB address space. The Java Heap base address is the
#     maximum limit for the native heap growth. Please use -XX:HeapBaseMinAddress
#     to set the Java Heap base and to place the Java Heap above 4GB virtual address.
# This output file may be truncated or incomplete.
#
#  Out of Memory Error (./src/hotspot/share/memory/arena.cpp:197), pid=14900, tid=17052
#
# JRE version: OpenJDK Runtime Environment (11.0.8+10) (build 11.0.8+10-b944.6842174)
# Java VM: OpenJDK 64-Bit Server VM (11.0.8+10-b944.6842174, mixed mode, tiered, compressed oops, g1 gc, windows-amd64)
# No core dump will be written. Minidumps are not enabled by default on client versions of Windows
#

---------------  S U M M A R Y ------------

Command Line: --add-opens=java.base/java.util=ALL-UNNAMED --add-opens=java.base/java.lang=ALL-UNNAMED --add-opens=java.base/java.lang.invoke=ALL-UNNAMED --add-opens=java.prefs/java.util.prefs=ALL-UNNAMED -Xmx2048m -Dfile.encoding=UTF-8 -Duser.country -Duser.language=en -Duser.variant org.gradle.launcher.daemon.bootstrap.GradleDaemon 6.5

Host: Intel(R) Core(TM) i5-4300M CPU @ 2.60GHz, 4 cores, 15G,  Windows 10 , 64 bit Build 19041 (10.0.19041.1023)
Time: Wed Jun 23 11:18:02 2021 Pakistan Standard Time elapsed time: 16 seconds (0d 0h 0m 16s)

---------------  T H R E A D  ---------------

Current thread (0x000001ef7308a800):  JavaThread "C2 CompilerThread0" daemon [_thread_in_native, id=17052, stack(0x0000004f0ca00000,0x0000004f0cb00000)]


Current CompileTask:
C2:  16217 4885       4       java.net.URLClassLoader$1::run (5 bytes)

Stack: [0x0000004f0ca00000,0x0000004f0cb00000]
Native frames: (J=compiled Java code, j=interpreted, Vv=VM code, C=native code)
V  [jvm.dll+0x5de50a]
V  [jvm.dll+0x7122f5]
V  [jvm.dll+0x71384d]
V  [jvm.dll+0x713f03]
V  [jvm.dll+0x23e728]
V  [jvm.dll+0xb899c]
V  [jvm.dll+0xb8e9c]
V  [jvm.dll+0x35024d]
V  [jvm.dll+0x193ebc]
V  [jvm.dll+0x1f780e]
V  [jvm.dll+0x1f68d4]
V  [jvm.dll+0x17f32c]
V  [jvm.dll+0x205047]
V  [jvm.dll+0x203891]
V  [jvm.dll+0x6dad3f]
V  [jvm.dll+0x6d3895]
V  [jvm.dll+0x5dd4a6]
C  [ucrtbase.dll+0x21bb2]
C  [KERNEL32.DLL+0x17034]
C  [ntdll.dll+0x52651]


---------------  P R O C E S S  ---------------

Threads class SMR info:
_java_thread_list=0x000001ef75477d90, length=126, elements={
0x000001ef585da800, 0x000001ef7280d800, 0x000001ef73032800, 0x000001ef73088800,
0x000001ef73089800, 0x000001ef7308a800, 0x000001ef7309a000, 0x000001ef730a2800,
0x000001ef731f8000, 0x000001ef73222000, 0x000001ef74ae5800, 0x000001ef74242800,
0x000001ef74a46000, 0x000001ef74600800, 0x000001ef74b32800, 0x000001ef750ec800,
0x000001ef74807000, 0x000001ef74b33800, 0x000001ef7461d800, 0x000001ef7461e800,
0x000001ef750fb800, 0x000001ef750fc800, 0x000001ef750fe000, 0x000001ef750f8800,
0x000001ef750fb000, 0x000001ef750ff000, 0x000001ef750fd000, 0x000001ef750f9000,
0x000001ef750fa000, 0x000001ef7598d000, 0x000001ef75991000, 0x000001ef7598e000,
0x000001ef75992000, 0x000001ef75994800, 0x000001ef75992800, 0x000001ef7598f800,
0x000001ef75993800, 0x000001ef7598e800, 0x000001ef75995000, 0x000001ef75996000,
0x000001ef75990800, 0x000001ef7599a000, 0x000001ef7599b000, 0x000001ef75997000,
0x000001ef75998800, 0x000001ef75999800, 0x000001ef7599b800, 0x000001ef75997800,
0x000001ef75380800, 0x000001ef7537d000, 0x000001ef7537c000, 0x000001ef7537e800,
0x000001ef7537e000, 0x000001ef75381000, 0x000001ef7537b800, 0x000001ef75382000,
0x000001ef73c99800, 0x000001ef73c98800, 0x000001ef73c9b000, 0x000001ef73c97000,
0x000001ef73c96000, 0x000001ef73c9c000, 0x000001ef73c9c800, 0x000001ef73c9a000,
0x000001ef73c9d800, 0x000001ef73c97800, 0x000001ef73ca4000, 0x000001ef73ca0000,
0x000001ef73ca0800, 0x000001ef73ca3000, 0x000001ef73ca1800, 0x000001ef73c9e000,
0x000001ef73ca4800, 0x000001ef73ca2800, 0x000001ef73c9f000, 0x000001ef75358000,
0x000001ef75354800, 0x000001ef75355800, 0x000001ef75356800, 0x000001ef75352000,
0x000001ef75353000, 0x000001ef75359000, 0x000001ef75359800, 0x000001ef75354000,
0x000001ef7535a800, 0x000001ef7535b000, 0x000001ef7535c000, 0x000001ef7535d000,
0x000001ef75357000, 0x000001ef7535f800, 0x000001ef7535e800, 0x000001ef75360000,
0x000001ef7535d800, 0x000001ef75361000, 0x000001ef7565d000, 0x000001ef7565a000,
0x000001ef7565c800, 0x000001ef75659000, 0x000001ef7565b800, 0x000001ef7565e000,
0x000001ef7565f000, 0x000001ef7565f800, 0x000001ef7565b000, 0x000001ef75665800,
0x000001ef75663800, 0x000001ef75661800, 0x000001ef75666000, 0x000001ef75660800,
0x000001ef75664800, 0x000001ef75667000, 0x000001ef75668000, 0x000001ef75663000,
0x000001ef75662000, 0x000001ef7609c000, 0x000001ef7609f000, 0x000001ef760a0000,
0x000001ef7609b000, 0x000001ef7609a000, 0x000001ef760a0800, 0x000001ef760a1800,
0x000001ef7609e000, 0x000001ef760a2800, 0x000001ef7609c800, 0x000001ef7609d800,
0x000001ef760a4000, 0x000001ef760a5800
}

Java Threads: ( => current thread )
  0x000001ef585da800 JavaThread "main" [_thread_blocked, id=16480, stack(0x0000004f0bf00000,0x0000004f0c000000)]
  0x000001ef7280d800 JavaThread "Reference Handler" daemon [_thread_blocked, id=3404, stack(0x0000004f0c600000,0x0000004f0c700000)]
  0x000001ef73032800 JavaThread "Finalizer" daemon [_thread_blocked, id=13836, stack(0x0000004f0c700000,0x0000004f0c800000)]
  0x000001ef73088800 JavaThread "Signal Dispatcher" daemon [_thread_blocked, id=7792, stack(0x0000004f0c800000,0x0000004f0c900000)]
  0x000001ef73089800 JavaThread "Attach Listener" daemon [_thread_blocked, id=3240, stack(0x0000004f0c900000,0x0000004f0ca00000)]
=>0x000001ef7308a800 JavaThread "C2 CompilerThread0" daemon [_thread_in_native, id=17052, stack(0x0000004f0ca00000,0x0000004f0cb00000)]
  0x000001ef7309a000 JavaThread "C1 CompilerThread0" daemon [_thread_blocked, id=14684, stack(0x0000004f0cb00000,0x0000004f0cc00000)]
  0x000001ef730a2800 JavaThread "Sweeper thread" daemon [_thread_blocked, id=13188, stack(0x0000004f0cc00000,0x0000004f0cd00000)]
  0x000001ef731f8000 JavaThread "Common-Cleaner" daemon [_thread_blocked, id=16644, stack(0x0000004f0cd00000,0x0000004f0ce00000)]
  0x000001ef73222000 JavaThread "Service Thread" daemon [_thread_blocked, id=7068, stack(0x0000004f0ce00000,0x0000004f0cf00000)]
  0x000001ef74ae5800 JavaThread "Daemon health stats" [_thread_blocked, id=252, stack(0x0000004f0d300000,0x0000004f0d400000)]
  0x000001ef74242800 JavaThread "Incoming local TCP Connector on port 50817" [_thread_in_native, id=17296, stack(0x0000004f0d600000,0x0000004f0d700000)]
  0x000001ef74a46000 JavaThread "Daemon periodic checks" [_thread_blocked, id=13964, stack(0x0000004f0d700000,0x0000004f0d800000)]
  0x000001ef74600800 JavaThread "Daemon" [_thread_blocked, id=7064, stack(0x0000004f0d800000,0x0000004f0d900000)]
  0x000001ef74b32800 JavaThread "Handler for socket connection from /127.0.0.1:50817 to /127.0.0.1:50818" [_thread_in_native, id=2976, stack(0x0000004f0d900000,0x0000004f0da00000)]
  0x000001ef750ec800 JavaThread "Cancel handler" [_thread_blocked, id=14012, stack(0x0000004f0da00000,0x0000004f0db00000)]
  0x000001ef74807000 JavaThread "Daemon worker" [_thread_in_native, id=13460, stack(0x0000004f0db00000,0x0000004f0dc00000)]
  0x000001ef74b33800 JavaThread "Asynchronous log dispatcher for DefaultDaemonConnection: socket connection from /127.0.0.1:50817 to /127.0.0.1:50818" [_thread_blocked, id=13296, stack(0x0000004f0dc00000,0x0000004f0dd00000)]
  0x000001ef7461d800 JavaThread "Stdin handler" [_thread_blocked, id=17312, stack(0x0000004f0dd00000,0x0000004f0de00000)]
  0x000001ef7461e800 JavaThread "Thread-8" [_thread_blocked, id=3588, stack(0x0000004f0de00000,0x0000004f0df00000)]
  0x000001ef750fb800 JavaThread "Cache worker for journal cache (C:\Users\jtc\.gradle\caches\journal-1)" [_thread_blocked, id=15220, stack(0x0000004f0df00000,0x0000004f0e000000)]
  0x000001ef750fc800 JavaThread "File lock request listener" [_thread_in_native, id=3456, stack(0x0000004f0e000000,0x0000004f0e100000)]
  0x000001ef750fe000 JavaThread "Cache worker for file hash cache (C:\Users\jtc\.gradle\caches\6.5\fileHashes)" [_thread_blocked, id=10848, stack(0x0000004f0e100000,0x0000004f0e200000)]
  0x000001ef750f8800 JavaThread "Cache worker for file hash cache (E:\Tektiks\OwnFarmer\.gradle\6.5\fileHashes)" [_thread_blocked, id=8664, stack(0x0000004f0e200000,0x0000004f0e300000)]
  0x000001ef750fb000 JavaThread "jar transforms" [_thread_blocked, id=1796, stack(0x0000004f0e300000,0x0000004f0e400000)]
  0x000001ef750ff000 JavaThread "jar transforms Thread 2" [_thread_blocked, id=11496, stack(0x0000004f0e400000,0x0000004f0e500000)]
  0x000001ef750fd000 JavaThread "jar transforms Thread 3" [_thread_blocked, id=7680, stack(0x0000004f0e500000,0x0000004f0e600000)]
  0x000001ef750f9000 JavaThread "jar transforms Thread 4" [_thread_blocked, id=9060, stack(0x0000004f0e600000,0x0000004f0e700000)]
  0x000001ef750fa000 JavaThread "jar transforms Thread 5" [_thread_blocked, id=12628, stack(0x0000004f0e700000,0x0000004f0e800000)]
  0x000001ef7598d000 JavaThread "jar transforms Thread 6" [_thread_blocked, id=2780, stack(0x0000004f0e800000,0x0000004f0e900000)]
  0x000001ef75991000 JavaThread "jar transforms Thread 7" [_thread_blocked, id=14780, stack(0x0000004f0e900000,0x0000004f0ea00000)]
  0x000001ef7598e000 JavaThread "jar transforms Thread 8" [_thread_blocked, id=15540, stack(0x0000004f0ea00000,0x0000004f0eb00000)]
  0x000001ef75992000 JavaThread "jar transforms Thread 9" [_thread_blocked, id=6876, stack(0x0000004f0eb00000,0x0000004f0ec00000)]
  0x000001ef75994800 JavaThread "jar transforms Thread 10" [_thread_blocked, id=4816, stack(0x0000004f0ec00000,0x0000004f0ed00000)]
  0x000001ef75992800 JavaThread "jar transforms Thread 11" [_thread_blocked, id=3900, stack(0x0000004f0ed00000,0x0000004f0ee00000)]
  0x000001ef7598f800 JavaThread "jar transforms Thread 12" [_thread_blocked, id=12664, stack(0x0000004f0ee00000,0x0000004f0ef00000)]
  0x000001ef75993800 JavaThread "jar transforms Thread 13" [_thread_blocked, id=5744, stack(0x0000004f0ef00000,0x0000004f0f000000)]
  0x000001ef7598e800 JavaThread "jar transforms Thread 14" [_thread_blocked, id=9036, stack(0x0000004f0f000000,0x0000004f0f100000)]
  0x000001ef75995000 JavaThread "jar transforms Thread 15" [_thread_blocked, id=13244, stack(0x0000004f0f100000,0x0000004f0f200000)]
  0x000001ef75996000 JavaThread "jar transforms Thread 16" [_thread_blocked, id=9532, stack(0x0000004f0f200000,0x0000004f0f300000)]
  0x000001ef75990800 JavaThread "jar transforms Thread 17" [_thread_blocked, id=9144, stack(0x0000004f0f300000,0x0000004f0f400000)]
  0x000001ef7599a000 JavaThread "jar transforms Thread 18" [_thread_blocked, id=15692, stack(0x0000004f0f400000,0x0000004f0f500000)]
  0x000001ef7599b000 JavaThread "jar transforms Thread 19" [_thread_blocked, id=5620, stack(0x0000004f0f500000,0x0000004f0f600000)]
  0x000001ef75997000 JavaThread "jar transforms Thread 20" [_thread_blocked, id=2152, stack(0x0000004f0f600000,0x0000004f0f700000)]
  0x000001ef75998800 JavaThread "jar transforms Thread 21" [_thread_blocked, id=15444, stack(0x0000004f0f700000,0x0000004f0f800000)]
  0x000001ef75999800 JavaThread "Cache worker for checksums cache (E:\Tektiks\OwnFarmer\.gradle\checksums)" [_thread_blocked, id=13224, stack(0x0000004f0f800000,0x0000004f0f900000)]
  0x000001ef7599b800 JavaThread "Cache worker for cache directory md-supplier (C:\Users\jtc\.gradle\caches\6.5\md-supplier)" [_thread_blocked, id=14484, stack(0x0000004f0f900000,0x0000004f0fa00000)]
  0x000001ef75997800 JavaThread "Cache worker for cache directory md-rule (C:\Users\jtc\.gradle\caches\6.5\md-rule)" [_thread_blocked, id=6548, stack(0x0000004f0fa00000,0x0000004f0fb00000)]
  0x000001ef75380800 JavaThread "Cache worker for execution history cache (C:\Users\jtc\.gradle\caches\6.5\executionHistory)" [_thread_blocked, id=9312, stack(0x0000004f0fb00000,0x0000004f0fc00000)]
  0x000001ef7537d000 JavaThread "Cache worker for file content cache (C:\Users\jtc\.gradle\caches\6.5\fileContent)" [_thread_blocked, id=9408, stack(0x0000004f0fc00000,0x0000004f0fd00000)]
  0x000001ef7537c000 JavaThread "Cache worker for Build Output Cleanup Cache (E:\Tektiks\OwnFarmer\.gradle\buildOutputCleanup)" [_thread_blocked, id=14328, stack(0x0000004f0fd00000,0x0000004f0fe00000)]
  0x000001ef7537e800 JavaThread "Build operations" [_thread_blocked, id=17152, stack(0x0000004f0fe00000,0x0000004f0ff00000)]
  0x000001ef7537e000 JavaThread "Build operations Thread 2" [_thread_blocked, id=14696, stack(0x0000004f0ff00000,0x0000004f10000000)]
  0x000001ef75381000 JavaThread "Build operations Thread 3" [_thread_blocked, id=14744, stack(0x0000004f10000000,0x0000004f10100000)]
  0x000001ef7537b800 JavaThread "Build operations Thread 4" [_thread_blocked, id=14440, stack(0x0000004f10100000,0x0000004f10200000)]
  0x000001ef75382000 JavaThread "jar transforms Thread 22" [_thread_blocked, id=13428, stack(0x0000004f10200000,0x0000004f10300000)]
  0x000001ef73c99800 JavaThread "jar transforms Thread 23" [_thread_blocked, id=16500, stack(0x0000004f10300000,0x0000004f10400000)]
  0x000001ef73c98800 JavaThread "jar transforms Thread 24" [_thread_blocked, id=2904, stack(0x0000004f10400000,0x0000004f10500000)]
  0x000001ef73c9b000 JavaThread "jar transforms Thread 25" [_thread_blocked, id=14128, stack(0x0000004f10500000,0x0000004f10600000)]
  0x000001ef73c97000 JavaThread "jar transforms Thread 26" [_thread_blocked, id=8096, stack(0x0000004f10600000,0x0000004f10700000)]
  0x000001ef73c96000 JavaThread "jar transforms Thread 27" [_thread_blocked, id=5624, stack(0x0000004f10700000,0x0000004f10800000)]
  0x000001ef73c9c000 JavaThread "jar transforms Thread 28" [_thread_blocked, id=12044, stack(0x0000004f10800000,0x0000004f10900000)]
  0x000001ef73c9c800 JavaThread "jar transforms Thread 29" [_thread_blocked, id=13204, stack(0x0000004f10900000,0x0000004f10a00000)]
  0x000001ef73c9a000 JavaThread "jar transforms Thread 30" [_thread_blocked, id=16184, stack(0x0000004f10a00000,0x0000004f10b00000)]
  0x000001ef73c9d800 JavaThread "jar transforms Thread 31" [_thread_blocked, id=14904, stack(0x0000004f10b00000,0x0000004f10c00000)]
  0x000001ef73c97800 JavaThread "jar transforms Thread 32" [_thread_blocked, id=15124, stack(0x0000004f10c00000,0x0000004f10d00000)]
  0x000001ef73ca4000 JavaThread "jar transforms Thread 33" [_thread_blocked, id=10844, stack(0x0000004f10d00000,0x0000004f10e00000)]
  0x000001ef73ca0000 JavaThread "jar transforms Thread 34" [_thread_blocked, id=8988, stack(0x0000004f10e00000,0x0000004f10f00000)]
  0x000001ef73ca0800 JavaThread "jar transforms Thread 35" [_thread_blocked, id=9480, stack(0x0000004f10f00000,0x0000004f11000000)]
  0x000001ef73ca3000 JavaThread "jar transforms Thread 36" [_thread_blocked, id=16388, stack(0x0000004f11000000,0x0000004f11100000)]
  0x000001ef73ca1800 JavaThread "jar transforms Thread 37" [_thread_blocked, id=16424, stack(0x0000004f11100000,0x0000004f11200000)]
  0x000001ef73c9e000 JavaThread "jar transforms Thread 38" [_thread_blocked, id=9420, stack(0x0000004f11200000,0x0000004f11300000)]
  0x000001ef73ca4800 JavaThread "jar transforms Thread 39" [_thread_blocked, id=5152, stack(0x0000004f11300000,0x0000004f11400000)]
  0x000001ef73ca2800 JavaThread "jar transforms Thread 40" [_thread_blocked, id=8700, stack(0x0000004f11400000,0x0000004f11500000)]
  0x000001ef73c9f000 JavaThread "jar transforms Thread 41" [_thread_blocked, id=2920, stack(0x0000004f11500000,0x0000004f11600000)]
  0x000001ef75358000 JavaThread "jar transforms Thread 42" [_thread_blocked, id=2748, stack(0x0000004f11600000,0x0000004f11700000)]
  0x000001ef75354800 JavaThread "jar transforms Thread 43" [_thread_blocked, id=17396, stack(0x0000004f11700000,0x0000004f11800000)]
  0x000001ef75355800 JavaThread "jar transforms Thread 44" [_thread_blocked, id=4432, stack(0x0000004f11800000,0x0000004f11900000)]
  0x000001ef75356800 JavaThread "jar transforms Thread 45" [_thread_blocked, id=15312, stack(0x0000004f11900000,0x0000004f11a00000)]
  0x000001ef75352000 JavaThread "jar transforms Thread 46" [_thread_blocked, id=16840, stack(0x0000004f11a00000,0x0000004f11b00000)]
  0x000001ef75353000 JavaThread "jar transforms Thread 47" [_thread_blocked, id=4956, stack(0x0000004f11b00000,0x0000004f11c00000)]
  0x000001ef75359000 JavaThread "jar transforms Thread 48" [_thread_blocked, id=2940, stack(0x0000004f11c00000,0x0000004f11d00000)]
  0x000001ef75359800 JavaThread "jar transforms Thread 49" [_thread_blocked, id=13220, stack(0x0000004f11d00000,0x0000004f11e00000)]
  0x000001ef75354000 JavaThread "jar transforms Thread 50" [_thread_blocked, id=15516, stack(0x0000004f11e00000,0x0000004f11f00000)]
  0x000001ef7535a800 JavaThread "jar transforms Thread 51" [_thread_blocked, id=1000, stack(0x0000004f11f00000,0x0000004f12000000)]
  0x000001ef7535b000 JavaThread "jar transforms Thread 52" [_thread_blocked, id=15416, stack(0x0000004f12000000,0x0000004f12100000)]
  0x000001ef7535c000 JavaThread "jar transforms Thread 53" [_thread_blocked, id=15868, stack(0x0000004f12100000,0x0000004f12200000)]
  0x000001ef7535d000 JavaThread "jar transforms Thread 54" [_thread_blocked, id=7860, stack(0x0000004f12200000,0x0000004f12300000)]
  0x000001ef75357000 JavaThread "jar transforms Thread 55" [_thread_blocked, id=11532, stack(0x0000004f12300000,0x0000004f12400000)]
  0x000001ef7535f800 JavaThread "jar transforms Thread 56" [_thread_blocked, id=13584, stack(0x0000004f12400000,0x0000004f12500000)]
  0x000001ef7535e800 JavaThread "jar transforms Thread 57" [_thread_blocked, id=6420, stack(0x0000004f12500000,0x0000004f12600000)]
  0x000001ef75360000 JavaThread "jar transforms Thread 58" [_thread_blocked, id=7364, stack(0x0000004f12600000,0x0000004f12700000)]
  0x000001ef7535d800 JavaThread "jar transforms Thread 59" [_thread_blocked, id=9712, stack(0x0000004f12700000,0x0000004f12800000)]
  0x000001ef75361000 JavaThread "jar transforms Thread 60" [_thread_blocked, id=5708, stack(0x0000004f12800000,0x0000004f12900000)]
  0x000001ef7565d000 JavaThread "jar transforms Thread 61" [_thread_blocked, id=11416, stack(0x0000004f12900000,0x0000004f12a00000)]
  0x000001ef7565a000 JavaThread "jar transforms Thread 62" [_thread_blocked, id=11412, stack(0x0000004f12a00000,0x0000004f12b00000)]
  0x000001ef7565c800 JavaThread "jar transforms Thread 63" [_thread_blocked, id=15084, stack(0x0000004f12b00000,0x0000004f12c00000)]
  0x000001ef75659000 JavaThread "jar transforms Thread 64" [_thread_blocked, id=6820, stack(0x0000004f12c00000,0x0000004f12d00000)]
  0x000001ef7565b800 JavaThread "jar transforms Thread 65" [_thread_blocked, id=14608, stack(0x0000004f12d00000,0x0000004f12e00000)]
  0x000001ef7565e000 JavaThread "jar transforms Thread 66" [_thread_blocked, id=16580, stack(0x0000004f12e00000,0x0000004f12f00000)]
  0x000001ef7565f000 JavaThread "jar transforms Thread 67" [_thread_blocked, id=15648, stack(0x0000004f12f00000,0x0000004f13000000)]
  0x000001ef7565f800 JavaThread "jar transforms Thread 68" [_thread_blocked, id=17252, stack(0x0000004f13000000,0x0000004f13100000)]
  0x000001ef7565b000 JavaThread "jar transforms Thread 69" [_thread_blocked, id=15380, stack(0x0000004f13100000,0x0000004f13200000)]
  0x000001ef75665800 JavaThread "jar transforms Thread 70" [_thread_blocked, id=1300, stack(0x0000004f13200000,0x0000004f13300000)]
  0x000001ef75663800 JavaThread "jar transforms Thread 71" [_thread_blocked, id=8852, stack(0x0000004f13300000,0x0000004f13400000)]
  0x000001ef75661800 JavaThread "jar transforms Thread 72" [_thread_blocked, id=7164, stack(0x0000004f13400000,0x0000004f13500000)]
  0x000001ef75666000 JavaThread "jar transforms Thread 73" [_thread_blocked, id=13712, stack(0x0000004f13500000,0x0000004f13600000)]
  0x000001ef75660800 JavaThread "jar transforms Thread 74" [_thread_blocked, id=14956, stack(0x0000004f13600000,0x0000004f13700000)]
  0x000001ef75664800 JavaThread "jar transforms Thread 75" [_thread_blocked, id=16708, stack(0x0000004f13700000,0x0000004f13800000)]
  0x000001ef75667000 JavaThread "jar transforms Thread 76" [_thread_blocked, id=10896, stack(0x0000004f13800000,0x0000004f13900000)]
  0x000001ef75668000 JavaThread "jar transforms Thread 77" [_thread_blocked, id=12124, stack(0x0000004f13900000,0x0000004f13a00000)]
  0x000001ef75663000 JavaThread "jar transforms Thread 78" [_thread_blocked, id=1988, stack(0x0000004f13a00000,0x0000004f13b00000)]
  0x000001ef75662000 JavaThread "jar transforms Thread 79" [_thread_blocked, id=12736, stack(0x0000004f13b00000,0x0000004f13c00000)]
  0x000001ef7609c000 JavaThread "jar transforms Thread 80" [_thread_blocked, id=14724, stack(0x0000004f13c00000,0x0000004f13d00000)]
  0x000001ef7609f000 JavaThread "jar transforms Thread 81" [_thread_blocked, id=17064, stack(0x0000004f13d00000,0x0000004f13e00000)]
  0x000001ef760a0000 JavaThread "jar transforms Thread 82" [_thread_blocked, id=16636, stack(0x0000004f13e00000,0x0000004f13f00000)]
  0x000001ef7609b000 JavaThread "jar transforms Thread 83" [_thread_blocked, id=732, stack(0x0000004f13f00000,0x0000004f14000000)]
  0x000001ef7609a000 JavaThread "jar transforms Thread 84" [_thread_blocked, id=16476, stack(0x0000004f14000000,0x0000004f14100000)]
  0x000001ef760a0800 JavaThread "jar transforms Thread 85" [_thread_blocked, id=10908, stack(0x0000004f14100000,0x0000004f14200000)]
  0x000001ef760a1800 JavaThread "jar transforms Thread 86" [_thread_blocked, id=17172, stack(0x0000004f14200000,0x0000004f14300000)]
  0x000001ef7609e000 JavaThread "jar transforms Thread 87" [_thread_blocked, id=764, stack(0x0000004f14300000,0x0000004f14400000)]
  0x000001ef760a2800 JavaThread "jar transforms Thread 88" [_thread_blocked, id=6152, stack(0x0000004f14400000,0x0000004f14500000)]
  0x000001ef7609c800 JavaThread "jar transforms Thread 89" [_thread_blocked, id=13208, stack(0x0000004f14500000,0x0000004f14600000)]
  0x000001ef7609d800 JavaThread "jar transforms Thread 90" [_thread_blocked, id=13420, stack(0x0000004f14600000,0x0000004f14700000)]
  0x000001ef760a4000 JavaThread "jar transforms Thread 91" [_thread_blocked, id=16892, stack(0x0000004f14700000,0x0000004f14800000)]
  0x000001ef760a5800 JavaThread "jar transforms Thread 92" [_thread_blocked, id=9580, stack(0x0000004f14800000,0x0000004f14900000)]

Other Threads:
  0x000001ef72807800 VMThread "VM Thread" [stack: 0x0000004f0c500000,0x0000004f0c600000] [id=2364]
  0x000001ef73222800 WatcherThread [stack: 0x0000004f0cf00000,0x0000004f0d000000] [id=15180]
  0x000001ef585f3000 GCTaskThread "GC Thread#0" [stack: 0x0000004f0c000000,0x0000004f0c100000] [id=12632]
  0x000001ef7366c800 GCTaskThread "GC Thread#1" [stack: 0x0000004f0d000000,0x0000004f0d100000] [id=15820]
  0x000001ef735d1800 GCTaskThread "GC Thread#2" [stack: 0x0000004f0d100000,0x0000004f0d200000] [id=10420]
  0x000001ef73573800 GCTaskThread "GC Thread#3" [stack: 0x0000004f0d200000,0x0000004f0d300000] [id=16980]
  0x000001ef58625000 ConcurrentGCThread "G1 Main Marker" [stack: 0x0000004f0c100000,0x0000004f0c200000] [id=15028]
  0x000001ef58627800 ConcurrentGCThread "G1 Conc#0" [stack: 0x0000004f0c200000,0x0000004f0c300000] [id=1656]
  0x000001ef72672800 ConcurrentGCThread "G1 Refine#0" [stack: 0x0000004f0c300000,0x0000004f0c400000] [id=15640]
  0x000001ef72675000 ConcurrentGCThread "G1 Young RemSet Sampling" [stack: 0x0000004f0c400000,0x0000004f0c500000] [id=13072]

Threads with active compile tasks:
C2 CompilerThread0  16417 4885       4       java.net.URLClassLoader$1::run (5 bytes)

VM state:not at safepoint (normal execution)

VM Mutex/Monitor currently owned by a thread: None

Heap address: 0x0000000080000000, size: 2048 MB, Compressed Oops mode: 32-bit
Narrow klass base: 0x0000000000000000, Narrow klass shift: 3
Compressed class space size: 1073741824 Address: 0x0000000100000000

Heap:
 garbage-first heap   total 262144K, used 144696K [0x0000000080000000, 0x0000000100000000)
  region size 1024K, 111 young (113664K), 11 survivors (11264K)
 Metaspace       used 49690K, capacity 51205K, committed 51328K, reserved 1093632K
  class space    used 6312K, capacity 6751K, committed 6784K, reserved 1048576K
Heap Regions: E=young(eden), S=young(survivor), O=old, HS=humongous(starts), HC=humongous(continues), CS=collection set, F=free, A=archive, TAMS=top-at-mark-start (previous, next)
|   0|0x0000000080000000, 0x0000000080100000, 0x0000000080100000|100%| O|  |TAMS 0x0000000080100000, 0x0000000080000000| Untracked 
|   1|0x0000000080100000, 0x0000000080200000, 0x0000000080200000|100%| O|  |TAMS 0x0000000080200000, 0x0000000080100000| Untracked 
|   2|0x0000000080200000, 0x0000000080300000, 0x0000000080300000|100%| O|  |TAMS 0x0000000080300000, 0x0000000080200000| Untracked 
|   3|0x0000000080300000, 0x0000000080400000, 0x0000000080400000|100%|HS|  |TAMS 0x0000000080400000, 0x0000000080300000| Complete 
|   4|0x0000000080400000, 0x0000000080500000, 0x0000000080500000|100%|HC|  |TAMS 0x0000000080500000, 0x0000000080400000| Complete 
|   5|0x0000000080500000, 0x0000000080600000, 0x0000000080600000|100%|HC|  |TAMS 0x0000000080600000, 0x0000000080500000| Complete 
|   6|0x0000000080600000, 0x0000000080700000, 0x0000000080700000|100%| O|  |TAMS 0x0000000080700000, 0x0000000080600000| Untracked 
|   7|0x0000000080700000, 0x0000000080800000, 0x0000000080800000|100%| O|  |TAMS 0x0000000080800000, 0x0000000080700000| Untracked 
|   8|0x0000000080800000, 0x0000000080900000, 0x0000000080900000|100%| O|  |TAMS 0x0000000080900000, 0x0000000080800000| Untracked 
|   9|0x0000000080900000, 0x0000000080a00000, 0x0000000080a00000|100%| O|  |TAMS 0x0000000080a00000, 0x0000000080900000| Untracked 
|  10|0x0000000080a00000, 0x0000000080b00000, 0x0000000080b00000|100%| O|  |TAMS 0x0000000080b00000, 0x0000000080a00000| Untracked 
|  11|0x0000000080b00000, 0x0000000080c00000, 0x0000000080c00000|100%| O|  |TAMS 0x0000000080c00000, 0x0000000080b00000| Untracked 
|  12|0x0000000080c00000, 0x0000000080d00000, 0x0000000080d00000|100%| O|  |TAMS 0x0000000080d00000, 0x0000000080c00000| Untracked 
|  13|0x0000000080d00000, 0x0000000080e00000, 0x0000000080e00000|100%| O|  |TAMS 0x0000000080e00000, 0x0000000080d00000| Untracked 
|  14|0x0000000080e00000, 0x0000000080f00000, 0x0000000080f00000|100%| O|  |TAMS 0x0000000080f00000, 0x0000000080e00000| Untracked 
|  15|0x0000000080f00000, 0x0000000081000000, 0x0000000081000000|100%| O|  |TAMS 0x0000000081000000, 0x0000000080f00000| Untracked 
|  16|0x0000000081000000, 0x0000000081100000, 0x0000000081100000|100%|HS|  |TAMS 0x0000000081100000, 0x0000000081000000| Complete 
|  17|0x0000000081100000, 0x0000000081200000, 0x0000000081200000|100%|HC|  |TAMS 0x0000000081200000, 0x0000000081100000| Complete 
|  18|0x0000000081200000, 0x0000000081300000, 0x0000000081300000|100%|HS|  |TAMS 0x0000000081300000, 0x0000000081200000| Complete 
|  19|0x0000000081300000, 0x0000000081400000, 0x0000000081400000|100%|HC|  |TAMS 0x0000000081400000, 0x0000000081300000| Complete 
|  20|0x0000000081400000, 0x0000000081500000, 0x0000000081500000|100%|HC|  |TAMS 0x0000000081500000, 0x0000000081400000| Complete 
|  21|0x0000000081500000, 0x0000000081600000, 0x0000000081600000|100%|HS|  |TAMS 0x0000000081600000, 0x0000000081500000| Complete 
|  22|0x0000000081600000, 0x0000000081700000, 0x0000000081700000|100%|HC|  |TAMS 0x0000000081700000, 0x0000000081600000| Complete 
|  23|0x0000000081700000, 0x0000000081800000, 0x0000000081800000|100%|HC|  |TAMS 0x0000000081800000, 0x0000000081700000| Complete 
|  24|0x0000000081800000, 0x0000000081900000, 0x0000000081900000|100%|HC|  |TAMS 0x0000000081900000, 0x0000000081800000| Complete 
|  25|0x0000000081900000, 0x0000000081a00000, 0x0000000081a00000|100%|HS|  |TAMS 0x0000000081900000, 0x0000000081900000| Complete 
|  26|0x0000000081a00000, 0x0000000081b00000, 0x0000000081b00000|100%|HS|  |TAMS 0x0000000081a00000, 0x0000000081a00000| Complete 
|  27|0x0000000081b00000, 0x0000000081c00000, 0x0000000081c00000|100%|HC|  |TAMS 0x0000000081b00000, 0x0000000081b00000| Complete 
|  28|0x0000000081c00000, 0x0000000081d00000, 0x0000000081d00000|100%| O|  |TAMS 0x0000000081d00000, 0x0000000081c00000| Untracked 
|  29|0x0000000081d00000, 0x0000000081e00000, 0x0000000081e00000|100%| O|  |TAMS 0x0000000081e00000, 0x0000000081d00000| Untracked 
|  30|0x0000000081e00000, 0x0000000081f00000, 0x0000000081f00000|100%| O|  |TAMS 0x0000000081f00000, 0x0000000081e00000| Untracked 
|  31|0x0000000081f00000, 0x0000000082000000, 0x0000000082000000|100%| O|  |TAMS 0x0000000082000000, 0x0000000081f00000| Untracked 
|  32|0x0000000082000000, 0x000000008204e200, 0x0000000082100000| 30%| O|  |TAMS 0x000000008204e200, 0x0000000082000000| Untracked 
|  33|0x0000000082100000, 0x0000000082100000, 0x0000000082200000|  0%| F|  |TAMS 0x0000000082100000, 0x0000000082100000| Untracked 
|  34|0x0000000082200000, 0x0000000082200000, 0x0000000082300000|  0%| F|  |TAMS 0x0000000082200000, 0x0000000082200000| Untracked 
|  35|0x0000000082300000, 0x0000000082300000, 0x0000000082400000|  0%| F|  |TAMS 0x0000000082300000, 0x0000000082300000| Untracked 
|  36|0x0000000082400000, 0x0000000082400000, 0x0000000082500000|  0%| F|  |TAMS 0x0000000082400000, 0x0000000082400000| Untracked 
|  37|0x0000000082500000, 0x0000000082500000, 0x0000000082600000|  0%| F|  |TAMS 0x0000000082500000, 0x0000000082500000| Untracked 
|  38|0x0000000082600000, 0x0000000082600000, 0x0000000082700000|  0%| F|  |TAMS 0x0000000082600000, 0x0000000082600000| Untracked 
|  39|0x0000000082700000, 0x0000000082700000, 0x0000000082800000|  0%| F|  |TAMS 0x0000000082700000, 0x0000000082700000| Untracked 
|  40|0x0000000082800000, 0x0000000082800000, 0x0000000082900000|  0%| F|  |TAMS 0x0000000082800000, 0x0000000082800000| Untracked 
|  41|0x0000000082900000, 0x0000000082900000, 0x0000000082a00000|  0%| F|  |TAMS 0x0000000082900000, 0x0000000082900000| Untracked 
|  42|0x0000000082a00000, 0x0000000082a00000, 0x0000000082b00000|  0%| F|  |TAMS 0x0000000082a00000, 0x0000000082a00000| Untracked 
|  43|0x0000000082b00000, 0x0000000082b00000, 0x0000000082c00000|  0%| F|  |TAMS 0x0000000082b00000, 0x0000000082b00000| Untracked 
|  44|0x0000000082c00000, 0x0000000082c00000, 0x0000000082d00000|  0%| F|  |TAMS 0x0000000082c00000, 0x0000000082c00000| Untracked 
|  45|0x0000000082d00000, 0x0000000082d00000, 0x0000000082e00000|  0%| F|  |TAMS 0x0000000082d00000, 0x0000000082d00000| Untracked 
|  46|0x0000000082e00000, 0x0000000082e00000, 0x0000000082f00000|  0%| F|  |TAMS 0x0000000082e00000, 0x0000000082e00000| Untracked 
|  47|0x0000000082f00000, 0x0000000082f00000, 0x0000000083000000|  0%| F|  |TAMS 0x0000000082f00000, 0x0000000082f00000| Untracked 
|  48|0x0000000083000000, 0x0000000083000000, 0x0000000083100000|  0%| F|  |TAMS 0x0000000083000000, 0x0000000083000000| Untracked 
|  49|0x0000000083100000, 0x0000000083100000, 0x0000000083200000|  0%| F|  |TAMS 0x0000000083100000, 0x0000000083100000| Untracked 
|  50|0x0000000083200000, 0x0000000083200000, 0x0000000083300000|  0%| F|  |TAMS 0x0000000083200000, 0x0000000083200000| Untracked 
|  51|0x0000000083300000, 0x0000000083300000, 0x0000000083400000|  0%| F|  |TAMS 0x0000000083300000, 0x0000000083300000| Untracked 
|  52|0x0000000083400000, 0x0000000083400000, 0x0000000083500000|  0%| F|  |TAMS 0x0000000083400000, 0x0000000083400000| Untracked 
|  53|0x0000000083500000, 0x0000000083500000, 0x0000000083600000|  0%| F|  |TAMS 0x0000000083500000, 0x0000000083500000| Untracked 
|  54|0x0000000083600000, 0x0000000083600000, 0x0000000083700000|  0%| F|  |TAMS 0x0000000083600000, 0x0000000083600000| Untracked 
|  55|0x0000000083700000, 0x0000000083700000, 0x0000000083800000|  0%| F|  |TAMS 0x0000000083700000, 0x0000000083700000| Untracked 
|  56|0x0000000083800000, 0x0000000083800000, 0x0000000083900000|  0%| F|  |TAMS 0x0000000083800000, 0x0000000083800000| Untracked 
|  57|0x0000000083900000, 0x0000000083900000, 0x0000000083a00000|  0%| F|  |TAMS 0x0000000083900000, 0x0000000083900000| Untracked 
|  58|0x0000000083a00000, 0x0000000083a00000, 0x0000000083b00000|  0%| F|  |TAMS 0x0000000083a00000, 0x0000000083a00000| Untracked 
|  59|0x0000000083b00000, 0x0000000083b00000, 0x0000000083c00000|  0%| F|  |TAMS 0x0000000083b00000, 0x0000000083b00000| Untracked 
|  60|0x0000000083c00000, 0x0000000083c00000, 0x0000000083d00000|  0%| F|  |TAMS 0x0000000083c00000, 0x0000000083c00000| Untracked 
|  61|0x0000000083d00000, 0x0000000083d00000, 0x0000000083e00000|  0%| F|  |TAMS 0x0000000083d00000, 0x0000000083d00000| Untracked 
|  62|0x0000000083e00000, 0x0000000083e00000, 0x0000000083f00000|  0%| F|  |TAMS 0x0000000083e00000, 0x0000000083e00000| Untracked 
|  63|0x0000000083f00000, 0x0000000083f00000, 0x0000000084000000|  0%| F|  |TAMS 0x0000000083f00000, 0x0000000083f00000| Untracked 
|  64|0x0000000084000000, 0x0000000084000000, 0x0000000084100000|  0%| F|  |TAMS 0x0000000084000000, 0x0000000084000000| Untracked 
|  65|0x0000000084100000, 0x0000000084100000, 0x0000000084200000|  0%| F|  |TAMS 0x0000000084100000, 0x0000000084100000| Untracked 
|  66|0x0000000084200000, 0x0000000084200000, 0x0000000084300000|  0%| F|  |TAMS 0x0000000084200000, 0x0000000084200000| Untracked 
|  67|0x0000000084300000, 0x0000000084300000, 0x0000000084400000|  0%| F|  |TAMS 0x0000000084300000, 0x0000000084300000| Untracked 
|  68|0x0000000084400000, 0x0000000084400000, 0x0000000084500000|  0%| F|  |TAMS 0x0000000084400000, 0x0000000084400000| Untracked 
|  69|0x0000000084500000, 0x0000000084500000, 0x0000000084600000|  0%| F|  |TAMS 0x0000000084500000, 0x0000000084500000| Untracked 
|  70|0x0000000084600000, 0x0000000084600000, 0x0000000084700000|  0%| F|  |TAMS 0x0000000084600000, 0x0000000084600000| Untracked 
|  71|0x0000000084700000, 0x0000000084700000, 0x0000000084800000|  0%| F|  |TAMS 0x0000000084700000, 0x0000000084700000| Untracked 
|  72|0x0000000084800000, 0x0000000084800000, 0x0000000084900000|  0%| F|  |TAMS 0x0000000084800000, 0x0000000084800000| Untracked 
|  73|0x0000000084900000, 0x0000000084900000, 0x0000000084a00000|  0%| F|  |TAMS 0x0000000084900000, 0x0000000084900000| Untracked 
|  74|0x0000000084a00000, 0x0000000084a00000, 0x0000000084b00000|  0%| F|  |TAMS 0x0000000084a00000, 0x0000000084a00000| Untracked 
|  75|0x0000000084b00000, 0x0000000084b00000, 0x0000000084c00000|  0%| F|  |TAMS 0x0000000084b00000, 0x0000000084b00000| Untracked 
|  76|0x0000000084c00000, 0x0000000084c00000, 0x0000000084d00000|  0%| F|  |TAMS 0x0000000084c00000, 0x0000000084c00000| Untracked 
|  77|0x0000000084d00000, 0x0000000084d00000, 0x0000000084e00000|  0%| F|  |TAMS 0x0000000084d00000, 0x0000000084d00000| Untracked 
|  78|0x0000000084e00000, 0x0000000084e00000, 0x0000000084f00000|  0%| F|  |TAMS 0x0000000084e00000, 0x0000000084e00000| Untracked 
|  79|0x0000000084f00000, 0x0000000084f00000, 0x0000000085000000|  0%| F|  |TAMS 0x0000000084f00000, 0x0000000084f00000| Untracked 
|  80|0x0000000085000000, 0x0000000085000000, 0x0000000085100000|  0%| F|  |TAMS 0x0000000085000000, 0x0000000085000000| Untracked 
|  81|0x0000000085100000, 0x0000000085100000, 0x0000000085200000|  0%| F|  |TAMS 0x0000000085100000, 0x0000000085100000| Untracked 
|  82|0x0000000085200000, 0x0000000085200000, 0x0000000085300000|  0%| F|  |TAMS 0x0000000085200000, 0x0000000085200000| Untracked 
|  83|0x0000000085300000, 0x0000000085300000, 0x0000000085400000|  0%| F|  |TAMS 0x0000000085300000, 0x0000000085300000| Untracked 
|  84|0x0000000085400000, 0x0000000085400000, 0x0000000085500000|  0%| F|  |TAMS 0x0000000085400000, 0x0000000085400000| Untracked 
|  85|0x0000000085500000, 0x0000000085500000, 0x0000000085600000|  0%| F|  |TAMS 0x0000000085500000, 0x0000000085500000| Untracked 
|  86|0x0000000085600000, 0x0000000085600000, 0x0000000085700000|  0%| F|  |TAMS 0x0000000085600000, 0x0000000085600000| Untracked 
|  87|0x0000000085700000, 0x0000000085700000, 0x0000000085800000|  0%| F|  |TAMS 0x0000000085700000, 0x0000000085700000| Untracked 
|  88|0x0000000085800000, 0x0000000085800000, 0x0000000085900000|  0%| F|  |TAMS 0x0000000085800000, 0x0000000085800000| Untracked 
|  89|0x0000000085900000, 0x0000000085900000, 0x0000000085a00000|  0%| F|  |TAMS 0x0000000085900000, 0x0000000085900000| Untracked 
|  90|0x0000000085a00000, 0x0000000085a00000, 0x0000000085b00000|  0%| F|  |TAMS 0x0000000085a00000, 0x0000000085a00000| Untracked 
|  91|0x0000000085b00000, 0x0000000085b00000, 0x0000000085c00000|  0%| F|  |TAMS 0x0000000085b00000, 0x0000000085b00000| Untracked 
|  92|0x0000000085c00000, 0x0000000085c00000, 0x0000000085d00000|  0%| F|  |TAMS 0x0000000085c00000, 0x0000000085c00000| Untracked 
|  93|0x0000000085d00000, 0x0000000085d00000, 0x0000000085e00000|  0%| F|  |TAMS 0x0000000085d00000, 0x0000000085d00000| Untracked 
|  94|0x0000000085e00000, 0x0000000085e00000, 0x0000000085f00000|  0%| F|  |TAMS 0x0000000085e00000, 0x0000000085e00000| Untracked 
|  95|0x0000000085f00000, 0x0000000085f00000, 0x0000000086000000|  0%| F|  |TAMS 0x0000000085f00000, 0x0000000085f00000| Untracked 
|  96|0x0000000086000000, 0x0000000086000000, 0x0000000086100000|  0%| F|  |TAMS 0x0000000086000000, 0x0000000086000000| Untracked 
|  97|0x0000000086100000, 0x0000000086100000, 0x0000000086200000|  0%| F|  |TAMS 0x0000000086100000, 0x0000000086100000| Untracked 
|  98|0x0000000086200000, 0x0000000086200000, 0x0000000086300000|  0%| F|  |TAMS 0x0000000086200000, 0x0000000086200000| Untracked 
|  99|0x0000000086300000, 0x0000000086300000, 0x0000000086400000|  0%| F|  |TAMS 0x0000000086300000, 0x0000000086300000| Untracked 
| 100|0x0000000086400000, 0x0000000086400000, 0x0000000086500000|  0%| F|  |TAMS 0x0000000086400000, 0x0000000086400000| Untracked 
| 101|0x0000000086500000, 0x0000000086500000, 0x0000000086600000|  0%| F|  |TAMS 0x0000000086500000, 0x0000000086500000| Untracked 
| 102|0x0000000086600000, 0x0000000086600000, 0x0000000086700000|  0%| F|  |TAMS 0x0000000086600000, 0x0000000086600000| Untracked 
| 103|0x0000000086700000, 0x0000000086700000, 0x0000000086800000|  0%| F|  |TAMS 0x0000000086700000, 0x0000000086700000| Untracked 
| 104|0x0000000086800000, 0x0000000086800000, 0x0000000086900000|  0%| F|  |TAMS 0x0000000086800000, 0x0000000086800000| Untracked 
| 105|0x0000000086900000, 0x0000000086900000, 0x0000000086a00000|  0%| F|  |TAMS 0x0000000086900000, 0x0000000086900000| Untracked 
| 106|0x0000000086a00000, 0x0000000086a00000, 0x0000000086b00000|  0%| F|  |TAMS 0x0000000086a00000, 0x0000000086a00000| Untracked 
| 107|0x0000000086b00000, 0x0000000086b00000, 0x0000000086c00000|  0%| F|  |TAMS 0x0000000086b00000, 0x0000000086b00000| Untracked 
| 108|0x0000000086c00000, 0x0000000086c00000, 0x0000000086d00000|  0%| F|  |TAMS 0x0000000086c00000, 0x0000000086c00000| Untracked 
| 109|0x0000000086d00000, 0x0000000086d00000, 0x0000000086e00000|  0%| F|  |TAMS 0x0000000086d00000, 0x0000000086d00000| Untracked 
| 110|0x0000000086e00000, 0x0000000086e00000, 0x0000000086f00000|  0%| F|  |TAMS 0x0000000086e00000, 0x0000000086e00000| Untracked 
| 111|0x0000000086f00000, 0x0000000086f00000, 0x0000000087000000|  0%| F|  |TAMS 0x0000000086f00000, 0x0000000086f00000| Untracked 
| 112|0x0000000087000000, 0x0000000087000000, 0x0000000087100000|  0%| F|  |TAMS 0x0000000087000000, 0x0000000087000000| Untracked 
| 113|0x0000000087100000, 0x0000000087100000, 0x0000000087200000|  0%| F|  |TAMS 0x0000000087100000, 0x0000000087100000| Untracked 
| 114|0x0000000087200000, 0x0000000087200000, 0x0000000087300000|  0%| F|  |TAMS 0x0000000087200000, 0x0000000087200000| Untracked 
| 115|0x0000000087300000, 0x0000000087300000, 0x0000000087400000|  0%| F|  |TAMS 0x0000000087300000, 0x0000000087300000| Untracked 
| 116|0x0000000087400000, 0x0000000087400000, 0x0000000087500000|  0%| F|  |TAMS 0x0000000087400000, 0x0000000087400000| Untracked 
| 117|0x0000000087500000, 0x0000000087500000, 0x0000000087600000|  0%| F|  |TAMS 0x0000000087500000, 0x0000000087500000| Untracked 
| 118|0x0000000087600000, 0x0000000087600000, 0x0000000087700000|  0%| F|  |TAMS 0x0000000087600000, 0x0000000087600000| Untracked 
| 119|0x0000000087700000, 0x0000000087700000, 0x0000000087800000|  0%| F|  |TAMS 0x0000000087700000, 0x0000000087700000| Untracked 
| 120|0x0000000087800000, 0x0000000087800000, 0x0000000087900000|  0%| F|  |TAMS 0x0000000087800000, 0x0000000087800000| Untracked 
| 121|0x0000000087900000, 0x0000000087900000, 0x0000000087a00000|  0%| F|  |TAMS 0x0000000087900000, 0x0000000087900000| Untracked 
| 122|0x0000000087a00000, 0x0000000087a00000, 0x0000000087b00000|  0%| F|  |TAMS 0x0000000087a00000, 0x0000000087a00000| Untracked 
| 123|0x0000000087b00000, 0x0000000087b00000, 0x0000000087c00000|  0%| F|  |TAMS 0x0000000087b00000, 0x0000000087b00000| Untracked 
| 124|0x0000000087c00000, 0x0000000087c00000, 0x0000000087d00000|  0%| F|  |TAMS 0x0000000087c00000, 0x0000000087c00000| Untracked 
| 125|0x0000000087d00000, 0x0000000087d00000, 0x0000000087e00000|  0%| F|  |TAMS 0x0000000087d00000, 0x0000000087d00000| Untracked 
| 126|0x0000000087e00000, 0x0000000087e00000, 0x0000000087f00000|  0%| F|  |TAMS 0x0000000087e00000, 0x0000000087e00000| Untracked 
| 127|0x0000000087f00000, 0x0000000087f00000, 0x0000000088000000|  0%| F|  |TAMS 0x0000000087f00000, 0x0000000087f00000| Untracked 
| 128|0x0000000088000000, 0x0000000088000000, 0x0000000088100000|  0%| F|  |TAMS 0x0000000088000000, 0x0000000088000000| Untracked 
| 129|0x0000000088100000, 0x0000000088100000, 0x0000000088200000|  0%| F|  |TAMS 0x0000000088100000, 0x0000000088100000| Untracked 
| 130|0x0000000088200000, 0x0000000088200000, 0x0000000088300000|  0%| F|  |TAMS 0x0000000088200000, 0x0000000088200000| Untracked 
| 131|0x0000000088300000, 0x0000000088300000, 0x0000000088400000|  0%| F|  |TAMS 0x0000000088300000, 0x0000000088300000| Untracked 
| 132|0x0000000088400000, 0x0000000088400000, 0x0000000088500000|  0%| F|  |TAMS 0x0000000088400000, 0x0000000088400000| Untracked 
| 133|0x0000000088500000, 0x0000000088500000, 0x0000000088600000|  0%| F|  |TAMS 0x0000000088500000, 0x0000000088500000| Untracked 
| 134|0x0000000088600000, 0x0000000088600000, 0x0000000088700000|  0%| F|  |TAMS 0x0000000088600000, 0x0000000088600000| Untracked 
| 135|0x0000000088700000, 0x0000000088700000, 0x0000000088800000|  0%| F|  |TAMS 0x0000000088700000, 0x0000000088700000| Untracked 
| 136|0x0000000088800000, 0x0000000088800000, 0x0000000088900000|  0%| F|  |TAMS 0x0000000088800000, 0x0000000088800000| Untracked 
| 137|0x0000000088900000, 0x0000000088900000, 0x0000000088a00000|  0%| F|  |TAMS 0x0000000088900000, 0x0000000088900000| Untracked 
| 138|0x0000000088a00000, 0x0000000088a00000, 0x0000000088b00000|  0%| F|  |TAMS 0x0000000088a00000, 0x0000000088a00000| Untracked 
| 139|0x0000000088b00000, 0x0000000088b00000, 0x0000000088c00000|  0%| F|  |TAMS 0x0000000088b00000, 0x0000000088b00000| Untracked 
| 140|0x0000000088c00000, 0x0000000088c00000, 0x0000000088d00000|  0%| F|  |TAMS 0x0000000088c00000, 0x0000000088c00000| Untracked 
| 141|0x0000000088d00000, 0x0000000088d00000, 0x0000000088e00000|  0%| F|  |TAMS 0x0000000088d00000, 0x0000000088d00000| Untracked 
| 142|0x0000000088e00000, 0x0000000088e00000, 0x0000000088f00000|  0%| F|  |TAMS 0x0000000088e00000, 0x0000000088e00000| Untracked 
| 143|0x0000000088f00000, 0x0000000088f00000, 0x0000000089000000|  0%| F|  |TAMS 0x0000000088f00000, 0x0000000088f00000| Untracked 
| 144|0x0000000089000000, 0x0000000089000000, 0x0000000089100000|  0%| F|  |TAMS 0x0000000089000000, 0x0000000089000000| Untracked 
| 145|0x0000000089100000, 0x0000000089200000, 0x0000000089200000|100%| E|  |TAMS 0x0000000089100000, 0x0000000089100000| Complete 
| 146|0x0000000089200000, 0x0000000089300000, 0x0000000089300000|100%| E|CS|TAMS 0x0000000089200000, 0x0000000089200000| Complete 
| 147|0x0000000089300000, 0x0000000089400000, 0x0000000089400000|100%| E|CS|TAMS 0x0000000089300000, 0x0000000089300000| Complete 
| 148|0x0000000089400000, 0x0000000089500000, 0x0000000089500000|100%| E|CS|TAMS 0x0000000089400000, 0x0000000089400000| Complete 
| 149|0x0000000089500000, 0x0000000089600000, 0x0000000089600000|100%| E|CS|TAMS 0x0000000089500000, 0x0000000089500000| Complete 
| 150|0x0000000089600000, 0x0000000089700000, 0x0000000089700000|100%| E|CS|TAMS 0x0000000089600000, 0x0000000089600000| Complete 
| 151|0x0000000089700000, 0x0000000089800000, 0x0000000089800000|100%| E|CS|TAMS 0x0000000089700000, 0x0000000089700000| Complete 
| 152|0x0000000089800000, 0x0000000089900000, 0x0000000089900000|100%| S|CS|TAMS 0x0000000089800000, 0x0000000089800000| Complete 
| 153|0x0000000089900000, 0x0000000089a00000, 0x0000000089a00000|100%| S|CS|TAMS 0x0000000089900000, 0x0000000089900000| Complete 
| 154|0x0000000089a00000, 0x0000000089b00000, 0x0000000089b00000|100%| S|CS|TAMS 0x0000000089a00000, 0x0000000089a00000| Complete 
| 155|0x0000000089b00000, 0x0000000089c00000, 0x0000000089c00000|100%| S|CS|TAMS 0x0000000089b00000, 0x0000000089b00000| Complete 
| 156|0x0000000089c00000, 0x0000000089d00000, 0x0000000089d00000|100%| S|CS|TAMS 0x0000000089c00000, 0x0000000089c00000| Complete 
| 157|0x0000000089d00000, 0x0000000089e00000, 0x0000000089e00000|100%| S|CS|TAMS 0x0000000089d00000, 0x0000000089d00000| Complete 
| 158|0x0000000089e00000, 0x0000000089f00000, 0x0000000089f00000|100%| S|CS|TAMS 0x0000000089e00000, 0x0000000089e00000| Complete 
| 159|0x0000000089f00000, 0x000000008a000000, 0x000000008a000000|100%| S|CS|TAMS 0x0000000089f00000, 0x0000000089f00000| Complete 
| 160|0x000000008a000000, 0x000000008a100000, 0x000000008a100000|100%| S|CS|TAMS 0x000000008a000000, 0x000000008a000000| Complete 
| 161|0x000000008a100000, 0x000000008a200000, 0x000000008a200000|100%| S|CS|TAMS 0x000000008a100000, 0x000000008a100000| Complete 
| 162|0x000000008a200000, 0x000000008a300000, 0x000000008a300000|100%| S|CS|TAMS 0x000000008a200000, 0x000000008a200000| Complete 
| 163|0x000000008a300000, 0x000000008a400000, 0x000000008a400000|100%| E|CS|TAMS 0x000000008a300000, 0x000000008a300000| Complete 
| 164|0x000000008a400000, 0x000000008a500000, 0x000000008a500000|100%| E|CS|TAMS 0x000000008a400000, 0x000000008a400000| Complete 
| 165|0x000000008a500000, 0x000000008a600000, 0x000000008a600000|100%| E|CS|TAMS 0x000000008a500000, 0x000000008a500000| Complete 
| 166|0x000000008a600000, 0x000000008a700000, 0x000000008a700000|100%| E|CS|TAMS 0x000000008a600000, 0x000000008a600000| Complete 
| 167|0x000000008a700000, 0x000000008a800000, 0x000000008a800000|100%| E|CS|TAMS 0x000000008a700000, 0x000000008a700000| Complete 
| 168|0x000000008a800000, 0x000000008a900000, 0x000000008a900000|100%| E|CS|TAMS 0x000000008a800000, 0x000000008a800000| Complete 
| 169|0x000000008a900000, 0x000000008aa00000, 0x000000008aa00000|100%| E|CS|TAMS 0x000000008a900000, 0x000000008a900000| Complete 
| 170|0x000000008aa00000, 0x000000008ab00000, 0x000000008ab00000|100%| E|CS|TAMS 0x000000008aa00000, 0x000000008aa00000| Complete 
| 171|0x000000008ab00000, 0x000000008ac00000, 0x000000008ac00000|100%| E|CS|TAMS 0x000000008ab00000, 0x000000008ab00000| Complete 
| 172|0x000000008ac00000, 0x000000008ad00000, 0x000000008ad00000|100%| E|CS|TAMS 0x000000008ac00000, 0x000000008ac00000| Complete 
| 173|0x000000008ad00000, 0x000000008ae00000, 0x000000008ae00000|100%| E|CS|TAMS 0x000000008ad00000, 0x000000008ad00000| Complete 
| 174|0x000000008ae00000, 0x000000008af00000, 0x000000008af00000|100%| E|CS|TAMS 0x000000008ae00000, 0x000000008ae00000| Complete 
| 175|0x000000008af00000, 0x000000008b000000, 0x000000008b000000|100%| E|CS|TAMS 0x000000008af00000, 0x000000008af00000| Complete 
| 176|0x000000008b000000, 0x000000008b100000, 0x000000008b100000|100%| E|CS|TAMS 0x000000008b000000, 0x000000008b000000| Complete 
| 177|0x000000008b100000, 0x000000008b200000, 0x000000008b200000|100%| E|CS|TAMS 0x000000008b100000, 0x000000008b100000| Complete 
| 178|0x000000008b200000, 0x000000008b300000, 0x000000008b300000|100%| E|CS|TAMS 0x000000008b200000, 0x000000008b200000| Complete 
| 179|0x000000008b300000, 0x000000008b400000, 0x000000008b400000|100%| E|CS|TAMS 0x000000008b300000, 0x000000008b300000| Complete 
| 180|0x000000008b400000, 0x000000008b500000, 0x000000008b500000|100%| E|CS|TAMS 0x000000008b400000, 0x000000008b400000| Complete 
| 181|0x000000008b500000, 0x000000008b600000, 0x000000008b600000|100%| E|CS|TAMS 0x000000008b500000, 0x000000008b500000| Complete 
| 182|0x000000008b600000, 0x000000008b700000, 0x000000008b700000|100%| E|  |TAMS 0x000000008b600000, 0x000000008b600000| Complete 
| 183|0x000000008b700000, 0x000000008b800000, 0x000000008b800000|100%| E|CS|TAMS 0x000000008b700000, 0x000000008b700000| Complete 
| 184|0x000000008b800000, 0x000000008b900000, 0x000000008b900000|100%| E|CS|TAMS 0x000000008b800000, 0x000000008b800000| Complete 
| 185|0x000000008b900000, 0x000000008ba00000, 0x000000008ba00000|100%| E|CS|TAMS 0x000000008b900000, 0x000000008b900000| Complete 
| 186|0x000000008ba00000, 0x000000008bb00000, 0x000000008bb00000|100%| E|CS|TAMS 0x000000008ba00000, 0x000000008ba00000| Complete 
| 187|0x000000008bb00000, 0x000000008bc00000, 0x000000008bc00000|100%| E|CS|TAMS 0x000000008bb00000, 0x000000008bb00000| Complete 
| 188|0x000000008bc00000, 0x000000008bd00000, 0x000000008bd00000|100%| E|CS|TAMS 0x000000008bc00000, 0x000000008bc00000| Complete 
| 189|0x000000008bd00000, 0x000000008be00000, 0x000000008be00000|100%| E|CS|TAMS 0x000000008bd00000, 0x000000008bd00000| Complete 
| 190|0x000000008be00000, 0x000000008bf00000, 0x000000008bf00000|100%| E|CS|TAMS 0x000000008be00000, 0x000000008be00000| Complete 
| 191|0x000000008bf00000, 0x000000008c000000, 0x000000008c000000|100%| E|CS|TAMS 0x000000008bf00000, 0x000000008bf00000| Complete 
| 192|0x000000008c000000, 0x000000008c100000, 0x000000008c100000|100%| E|CS|TAMS 0x000000008c000000, 0x000000008c000000| Complete 
| 193|0x000000008c100000, 0x000000008c200000, 0x000000008c200000|100%| E|CS|TAMS 0x000000008c100000, 0x000000008c100000| Complete 
| 194|0x000000008c200000, 0x000000008c300000, 0x000000008c300000|100%| E|CS|TAMS 0x000000008c200000, 0x000000008c200000| Complete 
| 195|0x000000008c300000, 0x000000008c400000, 0x000000008c400000|100%| E|CS|TAMS 0x000000008c300000, 0x000000008c300000| Complete 
| 196|0x000000008c400000, 0x000000008c500000, 0x000000008c500000|100%| E|CS|TAMS 0x000000008c400000, 0x000000008c400000| Complete 
| 197|0x000000008c500000, 0x000000008c600000, 0x000000008c600000|100%| E|CS|TAMS 0x000000008c500000, 0x000000008c500000| Complete 
| 198|0x000000008c600000, 0x000000008c700000, 0x000000008c700000|100%| E|CS|TAMS 0x000000008c600000, 0x000000008c600000| Complete 
| 199|0x000000008c700000, 0x000000008c800000, 0x000000008c800000|100%| E|CS|TAMS 0x000000008c700000, 0x000000008c700000| Complete 
| 200|0x000000008c800000, 0x000000008c900000, 0x000000008c900000|100%| E|CS|TAMS 0x000000008c800000, 0x000000008c800000| Complete 
| 201|0x000000008c900000, 0x000000008ca00000, 0x000000008ca00000|100%| E|CS|TAMS 0x000000008c900000, 0x000000008c900000| Complete 
| 202|0x000000008ca00000, 0x000000008cb00000, 0x000000008cb00000|100%| E|CS|TAMS 0x000000008ca00000, 0x000000008ca00000| Complete 
| 203|0x000000008cb00000, 0x000000008cc00000, 0x000000008cc00000|100%| E|CS|TAMS 0x000000008cb00000, 0x000000008cb00000| Complete 
| 204|0x000000008cc00000, 0x000000008cd00000, 0x000000008cd00000|100%| E|CS|TAMS 0x000000008cc00000, 0x000000008cc00000| Complete 
| 205|0x000000008cd00000, 0x000000008ce00000, 0x000000008ce00000|100%| E|CS|TAMS 0x000000008cd00000, 0x000000008cd00000| Complete 
| 206|0x000000008ce00000, 0x000000008cf00000, 0x000000008cf00000|100%| E|CS|TAMS 0x000000008ce00000, 0x000000008ce00000| Complete 
| 207|0x000000008cf00000, 0x000000008d000000, 0x000000008d000000|100%| E|CS|TAMS 0x000000008cf00000, 0x000000008cf00000| Complete 
| 208|0x000000008d000000, 0x000000008d100000, 0x000000008d100000|100%| E|CS|TAMS 0x000000008d000000, 0x000000008d000000| Complete 
| 209|0x000000008d100000, 0x000000008d200000, 0x000000008d200000|100%| E|CS|TAMS 0x000000008d100000, 0x000000008d100000| Complete 
| 210|0x000000008d200000, 0x000000008d300000, 0x000000008d300000|100%| E|CS|TAMS 0x000000008d200000, 0x000000008d200000| Complete 
| 211|0x000000008d300000, 0x000000008d400000, 0x000000008d400000|100%| E|CS|TAMS 0x000000008d300000, 0x000000008d300000| Complete 
| 212|0x000000008d400000, 0x000000008d500000, 0x000000008d500000|100%| E|CS|TAMS 0x000000008d400000, 0x000000008d400000| Complete 
| 213|0x000000008d500000, 0x000000008d600000, 0x000000008d600000|100%| E|CS|TAMS 0x000000008d500000, 0x000000008d500000| Complete 
| 214|0x000000008d600000, 0x000000008d700000, 0x000000008d700000|100%| E|CS|TAMS 0x000000008d600000, 0x000000008d600000| Complete 
| 215|0x000000008d700000, 0x000000008d800000, 0x000000008d800000|100%| E|CS|TAMS 0x000000008d700000, 0x000000008d700000| Complete 
| 216|0x000000008d800000, 0x000000008d900000, 0x000000008d900000|100%| E|CS|TAMS 0x000000008d800000, 0x000000008d800000| Complete 
| 217|0x000000008d900000, 0x000000008da00000, 0x000000008da00000|100%| E|CS|TAMS 0x000000008d900000, 0x000000008d900000| Complete 
| 218|0x000000008da00000, 0x000000008db00000, 0x000000008db00000|100%| E|CS|TAMS 0x000000008da00000, 0x000000008da00000| Complete 
| 219|0x000000008db00000, 0x000000008dc00000, 0x000000008dc00000|100%| E|CS|TAMS 0x000000008db00000, 0x000000008db00000| Complete 
| 220|0x000000008dc00000, 0x000000008dd00000, 0x000000008dd00000|100%| E|CS|TAMS 0x000000008dc00000, 0x000000008dc00000| Complete 
| 221|0x000000008dd00000, 0x000000008de00000, 0x000000008de00000|100%| E|CS|TAMS 0x000000008dd00000, 0x000000008dd00000| Complete 
| 222|0x000000008de00000, 0x000000008df00000, 0x000000008df00000|100%| E|CS|TAMS 0x000000008de00000, 0x000000008de00000| Complete 
| 223|0x000000008df00000, 0x000000008e000000, 0x000000008e000000|100%| E|CS|TAMS 0x000000008df00000, 0x000000008df00000| Complete 
| 224|0x000000008e000000, 0x000000008e100000, 0x000000008e100000|100%| E|CS|TAMS 0x000000008e000000, 0x000000008e000000| Complete 
| 225|0x000000008e100000, 0x000000008e200000, 0x000000008e200000|100%| E|CS|TAMS 0x000000008e100000, 0x000000008e100000| Complete 
| 226|0x000000008e200000, 0x000000008e300000, 0x000000008e300000|100%| E|CS|TAMS 0x000000008e200000, 0x000000008e200000| Complete 
| 227|0x000000008e300000, 0x000000008e400000, 0x000000008e400000|100%| E|CS|TAMS 0x000000008e300000, 0x000000008e300000| Complete 
| 228|0x000000008e400000, 0x000000008e500000, 0x000000008e500000|100%| E|CS|TAMS 0x000000008e400000, 0x000000008e400000| Complete 
| 229|0x000000008e500000, 0x000000008e600000, 0x000000008e600000|100%| E|CS|TAMS 0x000000008e500000, 0x000000008e500000| Complete 
| 230|0x000000008e600000, 0x000000008e700000, 0x000000008e700000|100%| E|CS|TAMS 0x000000008e600000, 0x000000008e600000| Complete 
| 231|0x000000008e700000, 0x000000008e800000, 0x000000008e800000|100%| E|CS|TAMS 0x000000008e700000, 0x000000008e700000| Complete 
| 232|0x000000008e800000, 0x000000008e900000, 0x000000008e900000|100%| E|CS|TAMS 0x000000008e800000, 0x000000008e800000| Complete 
| 233|0x000000008e900000, 0x000000008ea00000, 0x000000008ea00000|100%| E|CS|TAMS 0x000000008e900000, 0x000000008e900000| Complete 
| 234|0x000000008ea00000, 0x000000008eb00000, 0x000000008eb00000|100%| E|CS|TAMS 0x000000008ea00000, 0x000000008ea00000| Complete 
| 235|0x000000008eb00000, 0x000000008ec00000, 0x000000008ec00000|100%| E|CS|TAMS 0x000000008eb00000, 0x000000008eb00000| Complete 
| 236|0x000000008ec00000, 0x000000008ed00000, 0x000000008ed00000|100%| E|CS|TAMS 0x000000008ec00000, 0x000000008ec00000| Complete 
| 237|0x000000008ed00000, 0x000000008ee00000, 0x000000008ee00000|100%| E|CS|TAMS 0x000000008ed00000, 0x000000008ed00000| Complete 
| 238|0x000000008ee00000, 0x000000008ef00000, 0x000000008ef00000|100%| E|CS|TAMS 0x000000008ee00000, 0x000000008ee00000| Complete 
| 239|0x000000008ef00000, 0x000000008f000000, 0x000000008f000000|100%| E|CS|TAMS 0x000000008ef00000, 0x000000008ef00000| Complete 
| 240|0x000000008f000000, 0x000000008f100000, 0x000000008f100000|100%| E|CS|TAMS 0x000000008f000000, 0x000000008f000000| Complete 
| 241|0x000000008f100000, 0x000000008f200000, 0x000000008f200000|100%| E|CS|TAMS 0x000000008f100000, 0x000000008f100000| Complete 
| 242|0x000000008f200000, 0x000000008f300000, 0x000000008f300000|100%| E|CS|TAMS 0x000000008f200000, 0x000000008f200000| Complete 
| 243|0x000000008f300000, 0x000000008f400000, 0x000000008f400000|100%| E|CS|TAMS 0x000000008f300000, 0x000000008f300000| Complete 
| 244|0x000000008f400000, 0x000000008f500000, 0x000000008f500000|100%| E|CS|TAMS 0x000000008f400000, 0x000000008f400000| Complete 
| 245|0x000000008f500000, 0x000000008f600000, 0x000000008f600000|100%| E|CS|TAMS 0x000000008f500000, 0x000000008f500000| Complete 
| 246|0x000000008f600000, 0x000000008f700000, 0x000000008f700000|100%| E|CS|TAMS 0x000000008f600000, 0x000000008f600000| Complete 
| 247|0x000000008f700000, 0x000000008f800000, 0x000000008f800000|100%| E|CS|TAMS 0x000000008f700000, 0x000000008f700000| Complete 
| 248|0x000000008f800000, 0x000000008f900000, 0x000000008f900000|100%| E|CS|TAMS 0x000000008f800000, 0x000000008f800000| Complete 
| 249|0x000000008f900000, 0x000000008fa00000, 0x000000008fa00000|100%| E|CS|TAMS 0x000000008f900000, 0x000000008f900000| Complete 
| 250|0x000000008fa00000, 0x000000008fb00000, 0x000000008fb00000|100%| E|CS|TAMS 0x000000008fa00000, 0x000000008fa00000| Complete 
| 251|0x000000008fb00000, 0x000000008fc00000, 0x000000008fc00000|100%| E|CS|TAMS 0x000000008fb00000, 0x000000008fb00000| Complete 
| 252|0x000000008fc00000, 0x000000008fd00000, 0x000000008fd00000|100%| E|CS|TAMS 0x000000008fc00000, 0x000000008fc00000| Complete 
| 253|0x000000008fd00000, 0x000000008fe00000, 0x000000008fe00000|100%| E|CS|TAMS 0x000000008fd00000, 0x000000008fd00000| Complete 
| 254|0x000000008fe00000, 0x000000008ff00000, 0x000000008ff00000|100%| E|CS|TAMS 0x000000008fe00000, 0x000000008fe00000| Complete 
| 255|0x000000008ff00000, 0x0000000090000000, 0x0000000090000000|100%| E|CS|TAMS 0x000000008ff00000, 0x000000008ff00000| Complete 

Card table byte_map: [0x000001ef6b980000,0x000001ef6bd80000] _byte_map_base: 0x000001ef6b580000

Marking Bits (Prev, Next): (CMBitMap*) 0x000001ef5861c360, (CMBitMap*) 0x000001ef5861c328
 Prev Bits: [0x000001ef6e180000, 0x000001ef70180000)
 Next Bits: [0x000001ef6c180000, 0x000001ef6e180000)

Polling page: 0x000001ef56da0000

Metaspace:

Usage:
  Non-class:     43.41 MB capacity,    42.36 MB ( 98%) used,   966.45 KB (  2%) free+waste,   109.13 KB ( <1%) overhead. 
      Class:      6.59 MB capacity,     6.16 MB ( 94%) used,   386.34 KB (  6%) free+waste,    52.44 KB ( <1%) overhead. 
       Both:     50.00 MB capacity,    48.53 MB ( 97%) used,     1.32 MB (  3%) free+waste,   161.56 KB ( <1%) overhead. 

Virtual space:
  Non-class space:       44.00 MB reserved,      43.50 MB ( 99%) committed 
      Class space:        1.00 GB reserved,       6.63 MB ( <1%) committed 
             Both:        1.04 GB reserved,      50.13 MB (  5%) committed 

Chunk freelists:
   Non-Class:  26.00 KB
       Class:  1.00 KB
        Both:  27.00 KB

MaxMetaspaceSize: 17179869184.00 GB
CompressedClassSpaceSize: 1.00 GB

CodeHeap 'non-profiled nmethods': size=120064Kb used=2532Kb max_used=2532Kb free=117531Kb
 bounds [0x000001ef63a20000, 0x000001ef63ca0000, 0x000001ef6af60000]
CodeHeap 'profiled nmethods': size=120000Kb used=10186Kb max_used=10186Kb free=109813Kb
 bounds [0x000001ef5c4f0000, 0x000001ef5cef0000, 0x000001ef63a20000]
CodeHeap 'non-nmethods': size=5696Kb used=2221Kb max_used=2253Kb free=3474Kb
 bounds [0x000001ef5bf60000, 0x000001ef5c1d0000, 0x000001ef5c4f0000]
 total_blobs=5520 nmethods=4720 adapters=711
 compilation: enabled
              stopped_count=0, restarted_count=0
 full_count=0

Compilation events (20 events):
Event: 16.101 Thread 0x000001ef7309a000 4968       3       org.gradle.internal.instantiation.generator.AbstractClassGenerator$GeneratedClassImpl$GeneratedConstructorImpl::newInstance (15 bytes)
Event: 16.101 Thread 0x000001ef7309a000 nmethod 4968 0x000001ef5cedbb90 code [0x000001ef5cedbd60, 0x000001ef5cedbee8]
Event: 16.103 Thread 0x000001ef7309a000 4970       3       org.gradle.internal.instantiation.generator.DependencyInjectingInstantiator::newInstance (8 bytes)
Event: 16.103 Thread 0x000001ef7309a000 nmethod 4970 0x000001ef5cedc010 code [0x000001ef5cedc1c0, 0x000001ef5cedc308]
Event: 16.103 Thread 0x000001ef7309a000 4971       3       org.gradle.internal.instantiation.generator.AsmBackedClassGenerator::generate (6 bytes)
Event: 16.104 Thread 0x000001ef7309a000 nmethod 4971 0x000001ef5cedc410 code [0x000001ef5cedc5c0, 0x000001ef5cedc6e8]
Event: 16.110 Thread 0x000001ef7309a000 4972       1       org.gradle.internal.typeconversion.TypeInfo::getTargetType (5 bytes)
Event: 16.110 Thread 0x000001ef7309a000 nmethod 4972 0x000001ef63c98d90 code [0x000001ef63c98f40, 0x000001ef63c98ff8]
Event: 16.112 Thread 0x000001ef7309a000 4973       3       jdk.internal.loader.URLClassPath::findResource (38 bytes)
Event: 16.112 Thread 0x000001ef7309a000 nmethod 4973 0x000001ef5cedc790 code [0x000001ef5cedc960, 0x000001ef5cedcc78]
Event: 16.117 Thread 0x000001ef7309a000 4974       3       com.google.common.cache.LocalCache::usesWriteQueue (5 bytes)
Event: 16.117 Thread 0x000001ef7309a000 nmethod 4974 0x000001ef5cedcd90 code [0x000001ef5cedcf40, 0x000001ef5cedd118]
Event: 16.140 Thread 0x000001ef7309a000 4975       3       java.lang.ClassLoader::findClass (9 bytes)
Event: 16.140 Thread 0x000001ef7309a000 nmethod 4975 0x000001ef5cedd210 code [0x000001ef5cedd3c0, 0x000001ef5cedd548]
Event: 16.174 Thread 0x000001ef7309a000 4977       3       java.lang.reflect.ProxyGenerator$MethodInfo::write (283 bytes)
Event: 16.178 Thread 0x000001ef7309a000 nmethod 4977 0x000001ef5cedd610 code [0x000001ef5ceddce0, 0x000001ef5cee2088]
Event: 16.187 Thread 0x000001ef7309a000 4978       3       java.lang.reflect.Proxy$ProxyBuilder::addElementType (19 bytes)
Event: 16.187 Thread 0x000001ef7309a000 nmethod 4978 0x000001ef5cee3590 code [0x000001ef5cee37a0, 0x000001ef5cee3d28]
Event: 16.187 Thread 0x000001ef7309a000 4979       3       java.lang.reflect.Proxy$ProxyBuilder::getElementType (19 bytes)
Event: 16.187 Thread 0x000001ef7309a000 nmethod 4979 0x000001ef5cee3f10 code [0x000001ef5cee40e0, 0x000001ef5cee4398]

GC Heap History (14 events):
Event: 0.493 GC heap before
{Heap before GC invocations=0 (full 0):
 garbage-first heap   total 262144K, used 19456K [0x0000000080000000, 0x0000000100000000)
  region size 1024K, 14 young (14336K), 0 survivors (0K)
 Metaspace       used 7557K, capacity 7741K, committed 7936K, reserved 1056768K
  class space    used 706K, capacity 749K, committed 768K, reserved 1048576K
}
Event: 0.498 GC heap after
{Heap after GC invocations=1 (full 0):
 garbage-first heap   total 262144K, used 8165K [0x0000000080000000, 0x0000000100000000)
  region size 1024K, 2 young (2048K), 2 survivors (2048K)
 Metaspace       used 7557K, capacity 7741K, committed 7936K, reserved 1056768K
  class space    used 706K, capacity 749K, committed 768K, reserved 1048576K
}
Event: 1.168 GC heap before
{Heap before GC invocations=1 (full 0):
 garbage-first heap   total 262144K, used 35813K [0x0000000080000000, 0x0000000100000000)
  region size 1024K, 29 young (29696K), 2 survivors (2048K)
 Metaspace       used 10918K, capacity 11136K, committed 11264K, reserved 1058816K
  class space    used 1140K, capacity 1201K, committed 1280K, reserved 1048576K
}
Event: 1.173 GC heap after
{Heap after GC invocations=2 (full 0):
 garbage-first heap   total 262144K, used 10060K [0x0000000080000000, 0x0000000100000000)
  region size 1024K, 4 young (4096K), 4 survivors (4096K)
 Metaspace       used 10918K, capacity 11136K, committed 11264K, reserved 1058816K
  class space    used 1140K, capacity 1201K, committed 1280K, reserved 1048576K
}
Event: 1.927 GC heap before
{Heap before GC invocations=2 (full 0):
 garbage-first heap   total 262144K, used 41804K [0x0000000080000000, 0x0000000100000000)
  region size 1024K, 35 young (35840K), 4 survivors (4096K)
 Metaspace       used 15384K, capacity 15764K, committed 16000K, reserved 1062912K
  class space    used 1772K, capacity 1917K, committed 1920K, reserved 1048576K
}
Event: 1.933 GC heap after
{Heap after GC invocations=3 (full 0):
 garbage-first heap   total 262144K, used 14137K [0x0000000080000000, 0x0000000100000000)
  region size 1024K, 5 young (5120K), 5 survivors (5120K)
 Metaspace       used 15384K, capacity 15764K, committed 16000K, reserved 1062912K
  class space    used 1772K, capacity 1917K, committed 1920K, reserved 1048576K
}
Event: 2.705 GC heap before
{Heap before GC invocations=3 (full 0):
 garbage-first heap   total 262144K, used 43833K [0x0000000080000000, 0x0000000100000000)
  region size 1024K, 35 young (35840K), 5 survivors (5120K)
 Metaspace       used 20624K, capacity 21043K, committed 21248K, reserved 1069056K
  class space    used 2424K, capacity 2545K, committed 2560K, reserved 1048576K
}
Event: 2.713 GC heap after
{Heap after GC invocations=4 (full 0):
 garbage-first heap   total 262144K, used 16532K [0x0000000080000000, 0x0000000100000000)
  region size 1024K, 2 young (2048K), 2 survivors (2048K)
 Metaspace       used 20624K, capacity 21043K, committed 21248K, reserved 1069056K
  class space    used 2424K, capacity 2545K, committed 2560K, reserved 1048576K
}
Event: 5.041 GC heap before
{Heap before GC invocations=5 (full 0):
 garbage-first heap   total 262144K, used 74900K [0x0000000080000000, 0x0000000100000000)
  region size 1024K, 50 young (51200K), 2 survivors (2048K)
 Metaspace       used 26107K, capacity 26845K, committed 27136K, reserved 1073152K
  class space    used 3317K, capacity 3537K, committed 3584K, reserved 1048576K
}
Event: 5.054 GC heap after
{Heap after GC invocations=6 (full 0):
 garbage-first heap   total 262144K, used 29694K [0x0000000080000000, 0x0000000100000000)
  region size 1024K, 6 young (6144K), 6 survivors (6144K)
 Metaspace       used 26107K, capacity 26845K, committed 27136K, reserved 1073152K
  class space    used 3317K, capacity 3537K, committed 3584K, reserved 1048576K
}
Event: 6.818 GC heap before
{Heap before GC invocations=6 (full 0):
 garbage-first heap   total 262144K, used 79870K [0x0000000080000000, 0x0000000100000000)
  region size 1024K, 57 young (58368K), 6 survivors (6144K)
 Metaspace       used 34725K, capacity 35529K, committed 35628K, reserved 1081344K
  class space    used 4414K, capacity 4719K, committed 4736K, reserved 1048576K
}
Event: 6.833 GC heap after
{Heap after GC invocations=7 (full 0):
 garbage-first heap   total 262144K, used 34064K [0x0000000080000000, 0x0000000100000000)
  region size 1024K, 9 young (9216K), 9 survivors (9216K)
 Metaspace       used 34725K, capacity 35529K, committed 35628K, reserved 1081344K
  class space    used 4414K, capacity 4719K, committed 4736K, reserved 1048576K
}
Event: 8.948 GC heap before
{Heap before GC invocations=8 (full 0):
 garbage-first heap   total 262144K, used 122128K [0x0000000080000000, 0x0000000100000000)
  region size 1024K, 93 young (95232K), 9 survivors (9216K)
 Metaspace       used 42912K, capacity 43975K, committed 44288K, reserved 1087488K
  class space    used 5447K, capacity 5819K, committed 5888K, reserved 1048576K
}
Event: 8.977 GC heap after
{Heap after GC invocations=9 (full 0):
 garbage-first heap   total 262144K, used 41272K [0x0000000080000000, 0x0000000100000000)
  region size 1024K, 11 young (11264K), 11 survivors (11264K)
 Metaspace       used 42912K, capacity 43975K, committed 44288K, reserved 1087488K
  class space    used 5447K, capacity 5819K, committed 5888K, reserved 1048576K
}

Deoptimization events (20 events):
Event: 15.476 Thread 0x000001ef74807000 DEOPT PACKING pc=0x000001ef63b09b64 sp=0x0000004f0dbf9a70
Event: 15.476 Thread 0x000001ef74807000 DEOPT UNPACKING pc=0x000001ef5bf874af sp=0x0000004f0dbf99c0 mode 2
Event: 15.481 Thread 0x000001ef74807000 Uncommon trap: trap_request=0xffffff4d fr.pc=0x000001ef63b0ab68 relative=0x0000000000000128
Event: 15.481 Thread 0x000001ef74807000 Uncommon trap: reason=unstable_if action=reinterpret pc=0x000001ef63b0ab68 method=java.io.BufferedInputStream.read1([BII)I @ 60 c2
Event: 15.481 Thread 0x000001ef74807000 DEOPT PACKING pc=0x000001ef63b0ab68 sp=0x0000004f0dbf9910
Event: 15.481 Thread 0x000001ef74807000 DEOPT UNPACKING pc=0x000001ef5bf874af sp=0x0000004f0dbf98d0 mode 2
Event: 15.524 Thread 0x000001ef74807000 DEOPT PACKING pc=0x000001ef5cdfa3f1 sp=0x0000004f0dbf9090
Event: 15.524 Thread 0x000001ef74807000 DEOPT UNPACKING pc=0x000001ef5bf872ce sp=0x0000004f0dbf8588 mode 0
Event: 15.797 Thread 0x000001ef74807000 Uncommon trap: trap_request=0xffffff4d fr.pc=0x000001ef63c426d4 relative=0x00000000000002f4
Event: 15.797 Thread 0x000001ef74807000 Uncommon trap: reason=unstable_if action=reinterpret pc=0x000001ef63c426d4 method=java.io.WinNTFileSystem.prefixLength(Ljava/lang/String;)I @ 42 c2
Event: 15.797 Thread 0x000001ef74807000 DEOPT PACKING pc=0x000001ef63c426d4 sp=0x0000004f0dbf98d0
Event: 15.797 Thread 0x000001ef74807000 DEOPT UNPACKING pc=0x000001ef5bf874af sp=0x0000004f0dbf9848 mode 2
Event: 16.008 Thread 0x000001ef74807000 Uncommon trap: trap_request=0xffffff4d fr.pc=0x000001ef63bd84a0 relative=0x0000000000002240
Event: 16.011 Thread 0x000001ef74807000 Uncommon trap: reason=unstable_if action=reinterpret pc=0x000001ef63bd84a0 method=java.lang.ClassValue.match(Ljava/lang/ClassValue$Entry;)Z @ 12 c2
Event: 16.011 Thread 0x000001ef74807000 DEOPT PACKING pc=0x000001ef63bd84a0 sp=0x0000004f0dbf97d0
Event: 16.012 Thread 0x000001ef74807000 DEOPT UNPACKING pc=0x000001ef5bf874af sp=0x0000004f0dbf9518 mode 2
Event: 16.069 Thread 0x000001ef74807000 Uncommon trap: trap_request=0xffffff7e fr.pc=0x000001ef63ae76bc relative=0x000000000000015c
Event: 16.069 Thread 0x000001ef74807000 Uncommon trap: reason=predicate action=maybe_recompile pc=0x000001ef63ae76bc method=com.google.common.base.CharMatcher.indexIn(Ljava/lang/CharSequence;I)I @ 19 c2
Event: 16.069 Thread 0x000001ef74807000 DEOPT PACKING pc=0x000001ef63ae76bc sp=0x0000004f0dbf93e0
Event: 16.069 Thread 0x000001ef74807000 DEOPT UNPACKING pc=0x000001ef5bf874af sp=0x0000004f0dbf9388 mode 2

Classes redefined (0 events):
No events

Internal exceptions (20 events):
Event: 14.724 Thread 0x000001ef74807000 Exception <a 'java/security/PrivilegedActionException'{0x000000008b449578}> (0x000000008b449578) thrown at [./src/hotspot/share/prims/jvm.cpp, line 1297]
Event: 14.725 Thread 0x000001ef74807000 Exception <a 'java/security/PrivilegedActionException'{0x000000008b44c460}> (0x000000008b44c460) thrown at [./src/hotspot/share/prims/jvm.cpp, line 1297]
Event: 14.725 Thread 0x000001ef74807000 Exception <a 'java/security/PrivilegedActionException'{0x000000008b44d720}> (0x000000008b44d720) thrown at [./src/hotspot/share/prims/jvm.cpp, line 1297]
Event: 14.725 Thread 0x000001ef74807000 Exception <a 'java/security/PrivilegedActionException'{0x000000008b450660}> (0x000000008b450660) thrown at [./src/hotspot/share/prims/jvm.cpp, line 1297]
Event: 14.725 Thread 0x000001ef74807000 Exception <a 'java/security/PrivilegedActionException'{0x000000008b451920}> (0x000000008b451920) thrown at [./src/hotspot/share/prims/jvm.cpp, line 1297]
Event: 14.753 Thread 0x000001ef74807000 Exception <a 'java/lang/ClassNotFoundException'{0x000000008b315a40}: org/gradle/api/tasks/Delete_DecoratedBeanInfo> (0x000000008b315a40) thrown at [./src/hotspot/share/classfile/systemDictionary.cpp, line 231]
Event: 14.755 Thread 0x000001ef74807000 Exception <a 'java/lang/ClassNotFoundException'{0x000000008b335b78}: org/gradle/api/tasks/DeleteBeanInfo> (0x000000008b335b78) thrown at [./src/hotspot/share/classfile/systemDictionary.cpp, line 231]
Event: 14.757 Thread 0x000001ef74807000 Exception <a 'java/lang/ClassNotFoundException'{0x000000008b357ca8}: org/gradle/api/internal/ConventionTaskBeanInfo> (0x000000008b357ca8) thrown at [./src/hotspot/share/classfile/systemDictionary.cpp, line 231]
Event: 14.759 Thread 0x000001ef74807000 Exception <a 'java/lang/ClassNotFoundException'{0x000000008b3770c8}: org/gradle/api/DefaultTaskBeanInfo> (0x000000008b3770c8) thrown at [./src/hotspot/share/classfile/systemDictionary.cpp, line 231]
Event: 14.761 Thread 0x000001ef74807000 Exception <a 'java/lang/ClassNotFoundException'{0x000000008b3993b8}: org/gradle/api/internal/AbstractTaskBeanInfo> (0x000000008b3993b8) thrown at [./src/hotspot/share/classfile/systemDictionary.cpp, line 231]
Event: 14.764 Thread 0x000001ef74807000 Exception <a 'java/lang/ClassNotFoundException'{0x000000008b3bb4c0}: org/gradle/api/internal/AbstractTaskCustomizer> (0x000000008b3bb4c0) thrown at [./src/hotspot/share/classfile/systemDictionary.cpp, line 231]
Event: 14.769 Thread 0x000001ef74807000 Exception <a 'java/lang/ClassNotFoundException'{0x000000008b21ddc8}: org/gradle/api/DefaultTaskCustomizer> (0x000000008b21ddc8) thrown at [./src/hotspot/share/classfile/systemDictionary.cpp, line 231]
Event: 14.772 Thread 0x000001ef74807000 Exception <a 'java/lang/ClassNotFoundException'{0x000000008b24bf48}: org/gradle/api/internal/ConventionTaskCustomizer> (0x000000008b24bf48) thrown at [./src/hotspot/share/classfile/systemDictionary.cpp, line 231]
Event: 14.774 Thread 0x000001ef74807000 Exception <a 'java/lang/ClassNotFoundException'{0x000000008b27af20}: org/gradle/api/tasks/DeleteCustomizer> (0x000000008b27af20) thrown at [./src/hotspot/share/classfile/systemDictionary.cpp, line 231]
Event: 14.777 Thread 0x000001ef74807000 Exception <a 'java/lang/ClassNotFoundException'{0x000000008b2b0138}: org/gradle/api/tasks/Delete_DecoratedCustomizer> (0x000000008b2b0138) thrown at [./src/hotspot/share/classfile/systemDictionary.cpp, line 231]
Event: 15.914 Thread 0x000001ef74807000 Exception <a 'java/lang/ClassNotFoundException'{0x00000000895b2758}: build_4it5afnixoqelhxqy3r2424imBeanInfo> (0x00000000895b2758) thrown at [./src/hotspot/share/classfile/systemDictionary.cpp, line 231]
Event: 15.914 Thread 0x000001ef74807000 Exception <a 'java/lang/ClassNotFoundException'{0x00000000895baa90}: build_4it5afnixoqelhxqy3r2424imCustomizer> (0x00000000895baa90) thrown at [./src/hotspot/share/classfile/systemDictionary.cpp, line 231]
Event: 16.030 Thread 0x000001ef74807000 Exception <a 'java/lang/ClassNotFoundException'{0x00000000894275c0}: org/gradle/plugin/use/internal/PluginRequestCollector$PluginDependenciesSpecImplBeanInfo> (0x00000000894275c0) thrown at [./src/hotspot/share/classfile/systemDictionary.cpp, line 231]
Event: 16.047 Thread 0x000001ef74807000 Exception <a 'java/lang/ClassNotFoundException'{0x00000000894489a8}: org/gradle/plugin/use/internal/PluginRequestCollector$PluginDependenciesSpecImplCustomizer> (0x00000000894489a8) thrown at [./src/hotspot/share/classfile/systemDictionary.cpp, line 231]
Event: 16.102 Thread 0x000001ef74807000 Exception <a 'java/lang/NoSuchMethodError'{0x00000000894aa658}: 'void java.lang.invoke.DirectMethodHandle$Holder.invokeInterface(java.lang.Object, java.lang.Object)'> (0x00000000894aa658) thrown at [./src/hotspot/share/interpreter/linkResolver.cpp, line 773]

Events (20 events):
Event: 16.141 loading class com/android/build/gradle/AndroidConfig
Event: 16.141 loading class com/android/build/gradle/AndroidConfig done
Event: 16.143 loading class kotlin/Deprecated
Event: 16.143 loading class kotlin/Deprecated done
Event: 16.143 loading class kotlin/Deprecated
Event: 16.143 loading class kotlin/Deprecated done
Event: 16.168 loading class kotlin/ReplaceWith
Event: 16.168 loading class kotlin/ReplaceWith done
Event: 16.169 loading class kotlin/DeprecationLevel
Event: 16.169 loading class kotlin/DeprecationLevel done
Event: 16.170 loading class kotlin/annotation/MustBeDocumented
Event: 16.170 loading class kotlin/annotation/MustBeDocumented done
Event: 16.189 loading class kotlin/jvm/internal/Intrinsics
Event: 16.189 loading class kotlin/jvm/internal/Intrinsics done
Event: 16.189 loading class com/android/build/gradle/BasePluginKt
Event: 16.189 loading class com/android/build/gradle/BasePluginKt done
Event: 16.190 loading class org/gradle/api/internal/plugins/DefaultObjectConfigurationAction$3
Event: 16.190 loading class org/gradle/api/internal/plugins/DefaultObjectConfigurationAction$3 done
Event: 16.191 loading class com/android/build/gradle/internal/plugins/VersionCheckPlugin
Event: 16.191 loading class com/android/build/gradle/internal/plugins/VersionCheckPlugin done


Dynamic libraries:
0x00007ff69f7a0000 - 0x00007ff69f7aa000 	C:\Program Files\Android\Android Studio\jre\bin\java.exe
0x00007ffc7ac70000 - 0x00007ffc7ae65000 	C:\WINDOWS\SYSTEM32\ntdll.dll
0x00007ffc791a0000 - 0x00007ffc7925d000 	C:\WINDOWS\System32\KERNEL32.DLL
0x00007ffc78510000 - 0x00007ffc787d8000 	C:\WINDOWS\System32\KERNELBASE.dll
0x00007ffc78970000 - 0x00007ffc78a70000 	C:\WINDOWS\System32\ucrtbase.dll
0x00007ffc70d30000 - 0x00007ffc70d47000 	C:\Program Files\Android\Android Studio\jre\bin\VCRUNTIME140.dll
0x00007ffc4ec00000 - 0x00007ffc4ec19000 	C:\Program Files\Android\Android Studio\jre\bin\jli.dll
0x00007ffc7a510000 - 0x00007ffc7a6b0000 	C:\WINDOWS\System32\USER32.dll
0x00007ffc78cb0000 - 0x00007ffc78cd2000 	C:\WINDOWS\System32\win32u.dll
0x00007ffc78ec0000 - 0x00007ffc78eea000 	C:\WINDOWS\System32\GDI32.dll
0x00007ffc78ba0000 - 0x00007ffc78cab000 	C:\WINDOWS\System32\gdi32full.dll
0x00007ffc78a70000 - 0x00007ffc78b0d000 	C:\WINDOWS\System32\msvcp_win.dll
0x00007ffc6f3d0000 - 0x00007ffc6f66a000 	C:\WINDOWS\WinSxS\amd64_microsoft.windows.common-controls_6595b64144ccf1df_6.0.19041.1052_none_60b8f8fd71f5e8cb\COMCTL32.dll
0x00007ffc7a390000 - 0x00007ffc7a42e000 	C:\WINDOWS\System32\msvcrt.dll
0x00007ffc79f90000 - 0x00007ffc79fc0000 	C:\WINDOWS\System32\IMM32.DLL
0x00007ffc3e2d0000 - 0x00007ffc3e36d000 	C:\Program Files\Android\Android Studio\jre\bin\msvcp140.dll
0x00007ffc3bd10000 - 0x00007ffc3c7cc000 	C:\Program Files\Android\Android Studio\jre\bin\server\jvm.dll
0x00007ffc79d90000 - 0x00007ffc79e3c000 	C:\WINDOWS\System32\ADVAPI32.dll
0x00007ffc79260000 - 0x00007ffc792fb000 	C:\WINDOWS\System32\sechost.dll
0x00007ffc78ef0000 - 0x00007ffc7901b000 	C:\WINDOWS\System32\RPCRT4.dll
0x00007ffc78eb0000 - 0x00007ffc78eb8000 	C:\WINDOWS\System32\PSAPI.DLL
0x00007ffc6ddb0000 - 0x00007ffc6ddb9000 	C:\WINDOWS\SYSTEM32\WSOCK32.dll
0x00007ffc716b0000 - 0x00007ffc716d7000 	C:\WINDOWS\SYSTEM32\WINMM.dll
0x00007ffc79550000 - 0x00007ffc795bb000 	C:\WINDOWS\System32\WS2_32.dll
0x00007ffc6ef70000 - 0x00007ffc6ef7a000 	C:\WINDOWS\SYSTEM32\VERSION.dll
0x00007ffc764e0000 - 0x00007ffc764f2000 	C:\WINDOWS\SYSTEM32\kernel.appcore.dll
0x00007ffc68f00000 - 0x00007ffc68f11000 	C:\Program Files\Android\Android Studio\jre\bin\verify.dll
0x00007ffc62720000 - 0x00007ffc62904000 	C:\WINDOWS\SYSTEM32\DBGHELP.DLL
0x00007ffc656d0000 - 0x00007ffc656fc000 	C:\WINDOWS\SYSTEM32\dbgcore.DLL
0x00007ffc78b10000 - 0x00007ffc78b93000 	C:\WINDOWS\System32\bcryptPrimitives.dll
0x00007ffc56440000 - 0x00007ffc56469000 	C:\Program Files\Android\Android Studio\jre\bin\java.dll
0x00007ffc60e80000 - 0x00007ffc60e8b000 	C:\Program Files\Android\Android Studio\jre\bin\jimage.dll
0x00007ffc52d20000 - 0x00007ffc52d38000 	C:\Program Files\Android\Android Studio\jre\bin\zip.dll
0x00007ffc79650000 - 0x00007ffc79d8f000 	C:\WINDOWS\System32\SHELL32.dll
0x00007ffc76500000 - 0x00007ffc76c90000 	C:\WINDOWS\SYSTEM32\windows.storage.dll
0x00007ffc7a030000 - 0x00007ffc7a385000 	C:\WINDOWS\System32\combase.dll
0x00007ffc77e20000 - 0x00007ffc77e4c000 	C:\WINDOWS\SYSTEM32\Wldp.dll
0x00007ffc7ab80000 - 0x00007ffc7ac2e000 	C:\WINDOWS\System32\SHCORE.dll
0x00007ffc79e40000 - 0x00007ffc79e95000 	C:\WINDOWS\System32\shlwapi.dll
0x00007ffc782f0000 - 0x00007ffc7830f000 	C:\WINDOWS\SYSTEM32\profapi.dll
0x00007ffc4ecb0000 - 0x00007ffc4ecca000 	C:\Program Files\Android\Android Studio\jre\bin\net.dll
0x00007ffc72cc0000 - 0x00007ffc72dcb000 	C:\WINDOWS\SYSTEM32\WINHTTP.dll
0x00007ffc77b90000 - 0x00007ffc77bfa000 	C:\WINDOWS\system32\mswsock.dll
0x00007ffc40cb0000 - 0x00007ffc40cc4000 	C:\Program Files\Android\Android Studio\jre\bin\nio.dll
0x00007ffc74430000 - 0x00007ffc74457000 	C:\Users\jtc\.gradle\native\f6784746aeab05261644944871eae4fe03e0ef1612fff0a4a95f87b438bc6780\windows-amd64\native-platform.dll
0x00007ffc5f9f0000 - 0x00007ffc5f9fa000 	C:\Program Files\Android\Android Studio\jre\bin\management.dll
0x00007ffc5f760000 - 0x00007ffc5f76c000 	C:\Program Files\Android\Android Studio\jre\bin\management_ext.dll
0x00007ffc77d70000 - 0x00007ffc77d88000 	C:\WINDOWS\SYSTEM32\CRYPTSP.dll
0x00007ffc774c0000 - 0x00007ffc774f4000 	C:\WINDOWS\system32\rsaenh.dll
0x00007ffc78940000 - 0x00007ffc78967000 	C:\WINDOWS\System32\bcrypt.dll
0x00007ffc782b0000 - 0x00007ffc782de000 	C:\WINDOWS\SYSTEM32\USERENV.dll
0x00007ffc77d60000 - 0x00007ffc77d6c000 	C:\WINDOWS\SYSTEM32\CRYPTBASE.dll
0x00007ffc77830000 - 0x00007ffc7786b000 	C:\WINDOWS\SYSTEM32\IPHLPAPI.DLL
0x00007ffc7a020000 - 0x00007ffc7a028000 	C:\WINDOWS\System32\NSI.dll
0x00007ffc6f100000 - 0x00007ffc6f117000 	C:\WINDOWS\SYSTEM32\dhcpcsvc6.DLL
0x00007ffc6ec30000 - 0x00007ffc6ec4d000 	C:\WINDOWS\SYSTEM32\dhcpcsvc.DLL
0x00007ffc778c0000 - 0x00007ffc7798c000 	C:\WINDOWS\SYSTEM32\DNSAPI.dll
0x00007ffc70770000 - 0x00007ffc7077b000 	C:\WINDOWS\SYSTEM32\WINNSI.DLL

dbghelp: loaded successfully - version: 4.0.5 - missing functions: none
symbol engine: initialized successfully - sym options: 0x614 - pdb path: .;C:\Program Files\Android\Android Studio\jre\bin;C:\WINDOWS\SYSTEM32;C:\WINDOWS\WinSxS\amd64_microsoft.windows.common-controls_6595b64144ccf1df_6.0.19041.1052_none_60b8f8fd71f5e8cb;C:\Program Files\Android\Android Studio\jre\bin\server;C:\Users\jtc\.gradle\native\f6784746aeab05261644944871eae4fe03e0ef1612fff0a4a95f87b438bc6780\windows-amd64

VM Arguments:
jvm_args: --add-opens=java.base/java.util=ALL-UNNAMED --add-opens=java.base/java.lang=ALL-UNNAMED --add-opens=java.base/java.lang.invoke=ALL-UNNAMED --add-opens=java.prefs/java.util.prefs=ALL-UNNAMED -Xmx2048m -Dfile.encoding=UTF-8 -Duser.country -Duser.language=en -Duser.variant 
java_command: org.gradle.launcher.daemon.bootstrap.GradleDaemon 6.5
java_class_path (initial): C:\Users\jtc\.gradle\wrapper\dists\gradle-6.5-bin\6nifqtx7604sqp1q6g8wikw7p\gradle-6.5\lib\gradle-launcher-6.5.jar
Launcher Type: SUN_STANDARD

[Global flags]
     intx CICompilerCount                          = 3                                         {product} {ergonomic}
     uint ConcGCThreads                            = 1                                         {product} {ergonomic}
     uint G1ConcRefinementThreads                  = 4                                         {product} {ergonomic}
   size_t G1HeapRegionSize                         = 1048576                                   {product} {ergonomic}
    uintx GCDrainStackTargetSize                   = 64                                        {product} {ergonomic}
   size_t InitialHeapSize                          = 268435456                                 {product} {ergonomic}
   size_t MarkStackSize                            = 4194304                                   {product} {ergonomic}
   size_t MaxHeapSize                              = 2147483648                                {product} {command line}
   size_t MaxNewSize                               = 1287651328                                {product} {ergonomic}
   size_t MinHeapDeltaBytes                        = 1048576                                   {product} {ergonomic}
    uintx NonNMethodCodeHeapSize                   = 5830732                                {pd product} {ergonomic}
    uintx NonProfiledCodeHeapSize                  = 122913754                              {pd product} {ergonomic}
    uintx ProfiledCodeHeapSize                     = 122913754                              {pd product} {ergonomic}
    uintx ReservedCodeCacheSize                    = 251658240                              {pd product} {ergonomic}
     bool SegmentedCodeCache                       = true                                      {product} {ergonomic}
     bool UseCompressedClassPointers               = true                                 {lp64_product} {ergonomic}
     bool UseCompressedOops                        = true                                 {lp64_product} {ergonomic}
     bool UseG1GC                                  = true                                      {product} {ergonomic}
     bool UseLargePagesIndividualAllocation        = false                                  {pd product} {ergonomic}

Logging:
Log output configuration:
 #0: stdout all=warning uptime,level,tags
 #1: stderr all=off uptime,level,tags

Environment Variables:
PATH=C:\Program Files (x86)\Common Files\Oracle\Java\javapath;C:\WINDOWS\system32;C:\WINDOWS;C:\WINDOWS\System32\Wbem;C:\WINDOWS\System32\WindowsPowerShell\v1.0\;C:\WINDOWS\System32\OpenSSH\;C:\Program Files\Git\cmd;C:\Users\jtc\AppData\Local\Microsoft\WindowsApps;C:\Program Files (x86)\GitHub CLI\;C:\Users\jtc\AppData\Local\GitHubDesktop\bin;C:\adb;C:\Users\jtc\AppData\Local\Microsoft\WindowsApps;C:\Program Files (x86)\GitHub CLI\;C:\Users\jtc\AppData\Local\GitHubDesktop\bin
USERNAME=jtc
OS=Windows_NT
PROCESSOR_IDENTIFIER=Intel64 Family 6 Model 60 Stepping 3, GenuineIntel



---------------  S Y S T E M  ---------------

OS: Windows 10 , 64 bit Build 19041 (10.0.19041.1023)
OS uptime: 1 days 0:55 hours

CPU:total 4 (initial active 4) (2 cores per cpu, 2 threads per core) family 6 model 60 stepping 3, cmov, cx8, fxsr, mmx, sse, sse2, sse3, ssse3, sse4.1, sse4.2, popcnt, avx, avx2, aes, clmul, erms, lzcnt, ht, tsc, tscinvbit, bmi1, bmi2, fma

Memory: 4k page, system-wide physical 16289M (249M free)
TotalPageFile size 28647M (AvailPageFile size 5M)
current process WorkingSet (physical memory assigned to process): 306M, peak: 307M
current process commit charge ("private bytes"): 457M, peak: 459M

vm_info: OpenJDK 64-Bit Server VM (11.0.8+10-b944.6842174) for windows-amd64 JRE (11.0.8+10-b944.6842174), built on Sep 19 2020 01:11:42 by "builder" with MS VC++ 14.0 (VS2015)

END.
